nohup: ignoring input
2017-09-01 15:13:43.427089: W tensorflow/core/platform/cpu_feature_guard.cc:45] The TensorFlow library wasn't compiled to use SSE4.1 instructions, but these are available on your machine and could speed up CPU computations.
2017-09-01 15:13:43.427108: W tensorflow/core/platform/cpu_feature_guard.cc:45] The TensorFlow library wasn't compiled to use SSE4.2 instructions, but these are available on your machine and could speed up CPU computations.
2017-09-01 15:13:43.427112: W tensorflow/core/platform/cpu_feature_guard.cc:45] The TensorFlow library wasn't compiled to use AVX instructions, but these are available on your machine and could speed up CPU computations.
2017-09-01 15:13:43.427115: W tensorflow/core/platform/cpu_feature_guard.cc:45] The TensorFlow library wasn't compiled to use AVX2 instructions, but these are available on your machine and could speed up CPU computations.
2017-09-01 15:13:43.427117: W tensorflow/core/platform/cpu_feature_guard.cc:45] The TensorFlow library wasn't compiled to use FMA instructions, but these are available on your machine and could speed up CPU computations.
2017-09-01 15:13:43.537977: I tensorflow/stream_executor/cuda/cuda_gpu_executor.cc:893] successful NUMA node read from SysFS had negative value (-1), but there must be at least one NUMA node, so returning NUMA node zero
2017-09-01 15:13:43.538362: I tensorflow/core/common_runtime/gpu/gpu_device.cc:955] Found device 0 with properties: 
name: GeForce GTX 1070
major: 6 minor: 1 memoryClockRate (GHz) 1.683
pciBusID 0000:01:00.0
Total memory: 7.92GiB
Free memory: 7.39GiB
2017-09-01 15:13:43.655522: W tensorflow/stream_executor/cuda/cuda_driver.cc:523] A non-primary context 0x47846c0 exists before initializing the StreamExecutor. We haven't verified StreamExecutor works with that.
2017-09-01 15:13:43.655798: I tensorflow/stream_executor/cuda/cuda_gpu_executor.cc:893] successful NUMA node read from SysFS had negative value (-1), but there must be at least one NUMA node, so returning NUMA node zero
2017-09-01 15:13:43.656162: I tensorflow/core/common_runtime/gpu/gpu_device.cc:955] Found device 1 with properties: 
name: GeForce GTX 1070
major: 6 minor: 1 memoryClockRate (GHz) 1.683
pciBusID 0000:02:00.0
Total memory: 7.92GiB
Free memory: 7.83GiB
2017-09-01 15:13:43.656689: I tensorflow/core/common_runtime/gpu/gpu_device.cc:976] DMA: 0 1 
2017-09-01 15:13:43.656698: I tensorflow/core/common_runtime/gpu/gpu_device.cc:986] 0:   Y Y 
2017-09-01 15:13:43.656701: I tensorflow/core/common_runtime/gpu/gpu_device.cc:986] 1:   Y Y 
2017-09-01 15:13:43.656706: I tensorflow/core/common_runtime/gpu/gpu_device.cc:1045] Creating TensorFlow device (/gpu:0) -> (device: 0, name: GeForce GTX 1070, pci bus id: 0000:01:00.0)
2017-09-01 15:13:43.656710: I tensorflow/core/common_runtime/gpu/gpu_device.cc:1045] Creating TensorFlow device (/gpu:1) -> (device: 1, name: GeForce GTX 1070, pci bus id: 0000:02:00.0)
Running 1 DoF Discrete Actions Unupervised run 1/1 ...

 2017-09-01 15:13:44
Episodes 1 -> 1 Done (0.000s) ... 
- Training loss: 0.0000
Evaluation num episodes:  100
# Evaluation of policy
- Return stats:
 Mean: -60.820147 std: 24.985316
- Scores stats:
 Mean: -123.350000 std: 77.736012
- Frames stats:
 Mean: 125.350000 std: 77.736012

 2017-09-01 15:14:17
Episodes 1 -> 2001 Done (33.075s) ... 
- Training loss: 0.0121
Evaluation num episodes:  100
# Evaluation of policy
- Return stats:
 Mean: -39.308055 std: 39.780994
- Scores stats:
 Mean: -226.710000 std: 316.652500
- Frames stats:
 Mean: 228.400000 std: 316.190133

 2017-09-01 15:14:56
Episodes 2001 -> 4001 Done (39.356s) ... 
- Training loss: 0.0260
Evaluation num episodes:  100
# Evaluation of policy
- Return stats:
 Mean: -78.991810 std: 36.769324
- Scores stats:
 Mean: -553.960000 std: 281.322339
- Frames stats:
 Mean: 555.160000 std: 280.934751

 2017-09-01 15:15:56
Episodes 4001 -> 6001 Done (60.263s) ... 
- Training loss: 0.0072
Evaluation num episodes:  100
# Evaluation of policy
- Return stats:
 Mean: -87.910676 std: 28.510551
- Scores stats:
 Mean: -622.920000 std: 216.410798
- Frames stats:
 Mean: 624.020000 std: 216.126721

 2017-09-01 15:17:02
Episodes 6001 -> 8001 Done (65.442s) ... 
- Training loss: 0.0014
Evaluation num episodes:  100
# Evaluation of policy
- Return stats:
 Mean: -79.805253 std: 36.306076
- Scores stats:
 Mean: -560.780000 std: 276.451717
- Frames stats:
 Mean: 561.980000 std: 276.051734

 2017-09-01 15:18:04
Episodes 8001 -> 10001 Done (61.778s) ... 
- Training loss: 0.1870
Evaluation num episodes:  100
# Evaluation of policy
- Return stats:
 Mean: -94.082319 std: 18.822837
- Scores stats:
 Mean: -671.120000 std: 136.584793
- Frames stats:
 Mean: 672.150000 std: 136.437999

 2017-09-01 15:19:13
Episodes 10001 -> 12001 Done (69.072s) ... 
- Training loss: 0.0076
Evaluation num episodes:  100
# Evaluation of policy
- Return stats:
 Mean: -78.588482 std: 36.581294
- Scores stats:
 Mean: -547.670000 std: 284.974808
- Frames stats:
 Mean: 548.870000 std: 284.599074

 2017-09-01 15:20:14
Episodes 12001 -> 14001 Done (61.098s) ... 
- Training loss: 0.0042
Evaluation num episodes:  100
# Evaluation of policy
- Return stats:
 Mean: -82.010572 std: 34.053704
- Scores stats:
 Mean: -575.050000 std: 264.570761
- Frames stats:
 Mean: 576.230000 std: 264.186595

 2017-09-01 15:21:16
Episodes 14001 -> 16001 Done (62.490s) ... 
- Training loss: 0.1286
Evaluation num episodes:  100
# Evaluation of policy
- Return stats:
 Mean: -62.311607 std: 40.078550
- Scores stats:
 Mean: -394.420000 std: 336.855761
- Frames stats:
 Mean: 395.860000 std: 336.370184

 2017-09-01 15:22:07
Episodes 16001 -> 18001 Done (50.896s) ... 
- Training loss: 0.0870
Evaluation num episodes:  100
# Evaluation of policy
- Return stats:
 Mean: -92.163542 std: 22.799964
- Scores stats:
 Mean: -657.180000 std: 165.528933
- Frames stats:
 Mean: 658.240000 std: 165.291447

 2017-09-01 15:23:15
Episodes 18001 -> 20001 Done (68.323s) ... 
- Training loss: 0.2718
Evaluation num episodes:  100
# Evaluation of policy
- Return stats:
 Mean: -94.073665 std: 18.860235
- Scores stats:
 Mean: -671.110000 std: 136.633004
- Frames stats:
 Mean: 672.140000 std: 136.486191

 2017-09-01 15:24:25
Episodes 20001 -> 22001 Done (69.263s) ... 
- Training loss: 0.0472
Evaluation num episodes:  100
# Evaluation of policy
- Return stats:
 Mean: -60.023625 std: 42.147249
- Scores stats:
 Mean: -391.340000 std: 340.174138
- Frames stats:
 Mean: 392.790000 std: 339.676708

 2017-09-01 15:25:15
Episodes 22001 -> 24001 Done (50.676s) ... 
- Training loss: 0.1120
Evaluation num episodes:  100
# Evaluation of policy
- Return stats:
 Mean: -93.190047 std: 20.635590
- Scores stats:
 Mean: -664.220000 std: 151.603402
- Frames stats:
 Mean: 665.270000 std: 151.385459

 2017-09-01 15:26:24
Episodes 24001 -> 26001 Done (68.794s) ... 
- Training loss: 0.0432
Evaluation num episodes:  100
# Evaluation of policy
- Return stats:
 Mean: -90.394666 std: 25.541422
- Scores stats:
 Mean: -643.400000 std: 188.550630
- Frames stats:
 Mean: 644.470000 std: 188.313486

 2017-09-01 15:27:32
Episodes 26001 -> 28001 Done (67.382s) ... 
- Training loss: 0.1083
Evaluation num episodes:  100
# Evaluation of policy
- Return stats:
 Mean: -94.025537 std: 19.093103
- Scores stats:
 Mean: -671.060000 std: 136.877523
- Frames stats:
 Mean: 672.090000 std: 136.730618

 2017-09-01 15:28:41
Episodes 28001 -> 30001 Done (69.251s) ... 
- Training loss: 0.6345
Evaluation num episodes:  100
# Evaluation of policy
- Return stats:
 Mean: -95.014567 std: 16.537194
- Scores stats:
 Mean: -678.060000 std: 119.069880
- Frames stats:
 Mean: 679.090000 std: 118.899293

 2017-09-01 15:29:51
Episodes 30001 -> 32001 Done (69.888s) ... 
- Training loss: 0.2632
Evaluation num episodes:  100
# Evaluation of policy
- Return stats:
 Mean: -89.407139 std: 27.088023
- Scores stats:
 Mean: -636.400000 std: 199.056776
- Frames stats:
 Mean: 637.490000 std: 198.770596

 2017-09-01 15:30:58
Episodes 32001 -> 34001 Done (67.083s) ... 
- Training loss: 0.1287
Evaluation num episodes:  100
# Evaluation of policy
- Return stats:
 Mean: -93.171485 std: 20.714285
- Scores stats:
 Mean: -664.200000 std: 151.690211
- Frames stats:
 Mean: 665.240000 std: 151.516080

 2017-09-01 15:32:07
Episodes 34001 -> 36001 Done (68.885s) ... 
- Training loss: 0.3088
Evaluation num episodes:  100
# Evaluation of policy
- Return stats:
 Mean: -95.004668 std: 16.594246
- Scores stats:
 Mean: -678.050000 std: 119.126855
- Frames stats:
 Mean: 679.070000 std: 119.013214

 2017-09-01 15:33:17
Episodes 36001 -> 38001 Done (69.897s) ... 
- Training loss: 0.1192
Evaluation num episodes:  100
# Evaluation of policy
- Return stats:
 Mean: -83.827304 std: 33.569158
- Scores stats:
 Mean: -594.770000 std: 248.119280
- Frames stats:
 Mean: 595.910000 std: 247.786202

 2017-09-01 15:34:21
Episodes 38001 -> 40001 Done (64.230s) ... 
- Training loss: 0.4007
Evaluation num episodes:  100
# Evaluation of policy
- Return stats:
 Mean: -95.983896 std: 13.573372
- Scores stats:
 Mean: -685.040000 std: 97.720102
- Frames stats:
 Mean: 686.050000 std: 97.650230

 2017-09-01 15:35:31
Episodes 40001 -> 42001 Done (70.245s) ... 
- Training loss: 0.7281
Evaluation num episodes:  100
# Evaluation of policy
- Return stats:
 Mean: -95.983994 std: 13.571985
- Scores stats:
 Mean: -685.040000 std: 97.720000
- Frames stats:
 Mean: 686.060000 std: 97.580000

 2017-09-01 15:36:41
Episodes 42001 -> 44001 Done (70.317s) ... 
- Training loss: 0.9242
Evaluation num episodes:  100
# Evaluation of policy
- Return stats:
 Mean: -94.102391 std: 18.720539
- Scores stats:
 Mean: -671.140000 std: 136.486191
- Frames stats:
 Mean: 672.170000 std: 136.339433

 2017-09-01 15:37:51
Episodes 44001 -> 46001 Done (69.358s) ... 
- Training loss: 2.6456
Evaluation num episodes:  100
# Evaluation of policy
- Return stats:
 Mean: -94.064350 std: 18.903953
- Scores stats:
 Mean: -671.100000 std: 136.681711
- Frames stats:
 Mean: 672.140000 std: 136.485752

 2017-09-01 15:39:00
Episodes 46001 -> 48001 Done (69.411s) ... 
- Training loss: 0.8044
Evaluation num episodes:  100
# Evaluation of policy
- Return stats:
 Mean: -96.943621 std: 9.743200
- Scores stats:
 Mean: -692.010000 std: 69.549622
- Frames stats:
 Mean: 693.020000 std: 69.450123

 2017-09-01 15:40:11
Episodes 48001 -> 50001 Done (70.764s) ... 
- Training loss: 1.6886
Evaluation num episodes:  100
# Evaluation of policy
- Return stats:
 Mean: -90.321033 std: 25.782234
- Scores stats:
 Mean: -643.320000 std: 188.820543
- Frames stats:
 Mean: 644.400000 std: 188.549251

 2017-09-01 15:41:19
Episodes 50001 -> 52001 Done (67.620s) ... 
- Training loss: 1.0951
Evaluation num episodes:  100
# Evaluation of policy
- Return stats:
 Mean: -93.104431 std: 21.005063
- Scores stats:
 Mean: -664.130000 std: 151.995109
- Frames stats:
 Mean: 665.180000 std: 151.777164

 2017-09-01 15:42:28
Episodes 52001 -> 54001 Done (69.000s) ... 
- Training loss: 1.7864
Evaluation num episodes:  100
# Evaluation of policy
- Return stats:
 Mean: -95.974193 std: 13.640768
- Scores stats:
 Mean: -685.030000 std: 97.790026
- Frames stats:
 Mean: 686.050000 std: 97.650026

 2017-09-01 15:43:38
Episodes 54001 -> 56001 Done (70.370s) ... 
- Training loss: 4.0169
Evaluation num episodes:  100
# Evaluation of policy
- Return stats:
 Mean: -93.085415 std: 21.086067
- Scores stats:
 Mean: -664.110000 std: 152.082010
- Frames stats:
 Mean: 665.160000 std: 151.864066

 2017-09-01 15:44:47
Episodes 56001 -> 58001 Done (69.002s) ... 
- Training loss: 1.1231
Evaluation num episodes:  100
# Evaluation of policy
- Return stats:
 Mean: -92.115889 std: 22.985195
- Scores stats:
 Mean: -657.130000 std: 165.726320
- Frames stats:
 Mean: 658.180000 std: 165.528510

 2017-09-01 15:45:55
Episodes 58001 -> 60001 Done (68.452s) ... 
- Training loss: 0.8081
Evaluation num episodes:  100
# Evaluation of policy
- Return stats:
 Mean: -95.964392 std: 13.709199
- Scores stats:
 Mean: -685.020000 std: 97.860000
- Frames stats:
 Mean: 686.020000 std: 97.860000

 2017-09-01 15:47:06
Episodes 60001 -> 62001 Done (70.421s) ... 
- Training loss: 2.5592
Evaluation num episodes:  100
# Evaluation of policy
- Return stats:
 Mean: -94.073860 std: 18.858278
- Scores stats:
 Mean: -671.110000 std: 136.632858
- Frames stats:
 Mean: 672.140000 std: 136.486045

 2017-09-01 15:48:15
Episodes 62001 -> 64001 Done (69.398s) ... 
- Training loss: 1.0224
Evaluation num episodes:  100
# Evaluation of policy
- Return stats:
 Mean: -96.963125 std: 9.549138
- Scores stats:
 Mean: -692.030000 std: 69.350624
- Frames stats:
 Mean: 693.040000 std: 69.251126

 2017-09-01 15:49:26
Episodes 64001 -> 66001 Done (70.867s) ... 
- Training loss: 1.0448
Evaluation num episodes:  100
# Evaluation of policy
- Return stats:
 Mean: -95.983994 std: 13.571985
- Scores stats:
 Mean: -685.040000 std: 97.720000
- Frames stats:
 Mean: 686.060000 std: 97.580000

 2017-09-01 15:50:36
Episodes 66001 -> 68001 Done (70.312s) ... 
- Training loss: 0.2265
Evaluation num episodes:  100
# Evaluation of policy
- Return stats:
 Mean: -91.117255 std: 24.806378
- Scores stats:
 Mean: -650.120000 std: 178.165557
- Frames stats:
 Mean: 651.180000 std: 177.946924

 2017-09-01 15:51:44
Episodes 68001 -> 70001 Done (68.082s) ... 
- Training loss: 2.0422
Evaluation num episodes:  100
# Evaluation of policy
- Return stats:
 Mean: -95.983994 std: 13.571985
- Scores stats:
 Mean: -685.040000 std: 97.720000
- Frames stats:
 Mean: 686.060000 std: 97.580000

 2017-09-01 15:52:55
Episodes 70001 -> 72001 Done (70.313s) ... 
- Training loss: 0.4494
Evaluation num episodes:  100
# Evaluation of policy
- Return stats:
 Mean: -95.004766 std: 16.593118
- Scores stats:
 Mean: -678.050000 std: 119.126771
- Frames stats:
 Mean: 679.080000 std: 118.956184

 2017-09-01 15:54:05
Episodes 72001 -> 74001 Done (70.003s) ... 
- Training loss: 2.3325
Evaluation num episodes:  100
# Evaluation of policy
- Return stats:
 Mean: -95.014469 std: 16.538327
- Scores stats:
 Mean: -678.060000 std: 119.069964
- Frames stats:
 Mean: 679.080000 std: 118.956352

 2017-09-01 15:55:15
Episodes 74001 -> 76001 Done (70.038s) ... 
- Training loss: 1.9737
Evaluation num episodes:  100
# Evaluation of policy
- Return stats:
 Mean: -92.096385 std: 23.062394
- Scores stats:
 Mean: -657.110000 std: 165.805482
- Frames stats:
 Mean: 658.170000 std: 165.567995

 2017-09-01 15:56:23
Episodes 76001 -> 78001 Done (68.469s) ... 
- Training loss: 0.2592
Evaluation num episodes:  100
# Evaluation of policy
- Return stats:
 Mean: -93.056110 std: 21.213897
- Scores stats:
 Mean: -664.080000 std: 152.212791
- Frames stats:
 Mean: 665.120000 std: 152.038500

 2017-09-01 15:57:32
Episodes 78001 -> 80001 Done (69.107s) ... 
- Training loss: 5.4712
Evaluation num episodes:  100
# Evaluation of policy
- Return stats:
 Mean: -95.014567 std: 16.537194
- Scores stats:
 Mean: -678.060000 std: 119.069880
- Frames stats:
 Mean: 679.090000 std: 118.899293

 2017-09-01 15:58:43
Episodes 80001 -> 82001 Done (70.125s) ... 
- Training loss: 1.8044
Evaluation num episodes:  100
# Evaluation of policy
- Return stats:
 Mean: -88.467396 std: 28.372831
- Scores stats:
 Mean: -629.450000 std: 208.650971
- Frames stats:
 Mean: 630.550000 std: 208.350972

 2017-09-01 15:59:49
Episodes 82001 -> 84001 Done (66.763s) ... 
- Training loss: 1.5307
Evaluation num episodes:  100
# Evaluation of policy
- Return stats:
 Mean: -95.993697 std: 13.504238
- Scores stats:
 Mean: -685.050000 std: 97.650026
- Frames stats:
 Mean: 686.070000 std: 97.510026

 2017-09-01 16:01:00
Episodes 84001 -> 86001 Done (70.482s) ... 
- Training loss: 0.4780
Evaluation num episodes:  100
# Evaluation of policy
- Return stats:
 Mean: -90.138026 std: 26.399960
- Scores stats:
 Mean: -643.130000 std: 189.464438
- Frames stats:
 Mean: 644.200000 std: 189.227112

 2017-09-01 16:02:08
Episodes 86001 -> 88001 Done (67.795s) ... 
- Training loss: 0.3002
Evaluation num episodes:  100
# Evaluation of policy
- Return stats:
 Mean: -93.085415 std: 21.086067
- Scores stats:
 Mean: -664.110000 std: 152.082010
- Frames stats:
 Mean: 665.160000 std: 151.864066

 2017-09-01 16:03:17
Episodes 88001 -> 90001 Done (69.112s) ... 
- Training loss: 3.1263
Evaluation num episodes:  100
# Evaluation of policy
- Return stats:
 Mean: -93.133639 std: 20.876757
- Scores stats:
 Mean: -664.160000 std: 151.864197
- Frames stats:
 Mean: 665.210000 std: 151.646253

 2017-09-01 16:04:26
Episodes 90001 -> 92001 Done (69.122s) ... 
- Training loss: 1.6506
Evaluation num episodes:  100
# Evaluation of policy
- Return stats:
 Mean: -96.953422 std: 9.645682
- Scores stats:
 Mean: -692.020000 std: 69.450123
- Frames stats:
 Mean: 693.030000 std: 69.350624

 2017-09-01 16:05:37
Episodes 92001 -> 94001 Done (70.991s) ... 
- Training loss: 2.5904
Evaluation num episodes:  100
# Evaluation of policy
- Return stats:
 Mean: -95.014567 std: 16.537194
- Scores stats:
 Mean: -678.060000 std: 119.069880
- Frames stats:
 Mean: 679.090000 std: 118.899293

 2017-09-01 16:06:47
Episodes 94001 -> 96001 Done (70.180s) ... 
- Training loss: 7.3540
Evaluation num episodes:  100
# Evaluation of policy
- Return stats:
 Mean: -93.056110 std: 21.213897
- Scores stats:
 Mean: -664.080000 std: 152.212791
- Frames stats:
 Mean: 665.130000 std: 151.994846

 2017-09-01 16:07:57
Episodes 96001 -> 98001 Done (70.106s) ... 
- Training loss: 2.3353
Evaluation num episodes:  100
# Evaluation of policy
- Return stats:
 Mean: -55.298543 std: 47.128130
- Scores stats:
 Mean: -385.940000 std: 346.101627
- Frames stats:
 Mean: 387.390000 std: 345.604135

 2017-09-01 16:08:51
Episodes 98001 -> 100001 Done (53.814s) ... 
- Training loss: 3.3115
Evaluation num episodes:  100
# Evaluation of policy
- Return stats:
 Mean: -91.146462 std: 24.700192
- Scores stats:
 Mean: -650.150000 std: 178.056248
- Frames stats:
 Mean: 651.220000 std: 177.801101

 2017-09-01 16:10:03
Episodes 100001 -> 102001 Done (72.325s) ... 
- Training loss: 6.6107
Evaluation num episodes:  100
# Evaluation of policy
- Return stats:
 Mean: -94.035338 std: 19.045026
- Scores stats:
 Mean: -671.070000 std: 136.828524
- Frames stats:
 Mean: 672.110000 std: 136.632565

 2017-09-01 16:11:13
Episodes 102001 -> 104001 Done (69.753s) ... 
- Training loss: 5.0062
Evaluation num episodes:  100
# Evaluation of policy
- Return stats:
 Mean: -90.196441 std: 26.202215
- Scores stats:
 Mean: -643.190000 std: 189.261021
- Frames stats:
 Mean: 644.270000 std: 188.989727

 2017-09-01 16:12:21
Episodes 104001 -> 106001 Done (67.864s) ... 
- Training loss: 13.8218
Evaluation num episodes:  100
# Evaluation of policy
- Return stats:
 Mean: -95.983994 std: 13.571985
- Scores stats:
 Mean: -685.040000 std: 97.720000
- Frames stats:
 Mean: 686.060000 std: 97.580000

 2017-09-01 16:13:31
Episodes 106001 -> 108001 Done (70.271s) ... 
- Training loss: 3.2593
Evaluation num episodes:  100
# Evaluation of policy
- Return stats:
 Mean: -96.972731 std: 9.453560
- Scores stats:
 Mean: -692.040000 std: 69.251126
- Frames stats:
 Mean: 693.050000 std: 69.151627

 2017-09-01 16:14:42
Episodes 108001 -> 110001 Done (71.032s) ... 
- Training loss: 10.4675
Evaluation num episodes:  100
# Evaluation of policy
- Return stats:
 Mean: -92.076881 std: 23.139319
- Scores stats:
 Mean: -657.090000 std: 165.884604
- Frames stats:
 Mean: 658.120000 std: 165.765997

 2017-09-01 16:15:51
Episodes 110001 -> 112001 Done (68.877s) ... 
- Training loss: 7.7890
Evaluation num episodes:  100
# Evaluation of policy
- Return stats:
 Mean: -95.014469 std: 16.538327
- Scores stats:
 Mean: -678.060000 std: 119.069964
- Frames stats:
 Mean: 679.090000 std: 118.899377

 2017-09-01 16:17:01
Episodes 112001 -> 114001 Done (70.218s) ... 
- Training loss: 4.7040
Evaluation num episodes:  100
# Evaluation of policy
- Return stats:
 Mean: -93.065813 std: 21.171961
- Scores stats:
 Mean: -664.090000 std: 152.169254
- Frames stats:
 Mean: 665.130000 std: 151.994977

 2017-09-01 16:18:10
Episodes 114001 -> 116001 Done (69.231s) ... 
- Training loss: 5.5269
Evaluation num episodes:  100
# Evaluation of policy
- Return stats:
 Mean: -92.106284 std: 23.022627
- Scores stats:
 Mean: -657.120000 std: 165.765816
- Frames stats:
 Mean: 658.180000 std: 165.528329

 2017-09-01 16:19:19
Episodes 116001 -> 118001 Done (68.757s) ... 
- Training loss: 1.7571
Evaluation num episodes:  100
# Evaluation of policy
- Return stats:
 Mean: -91.117157 std: 24.807118
- Scores stats:
 Mean: -650.120000 std: 178.165613
- Frames stats:
 Mean: 651.180000 std: 177.946980

 2017-09-01 16:20:27
Episodes 118001 -> 120001 Done (68.299s) ... 
- Training loss: 2.3077
Evaluation num episodes:  100
# Evaluation of policy
- Return stats:
 Mean: -95.033876 std: 16.428155
- Scores stats:
 Mean: -678.080000 std: 118.956268
- Frames stats:
 Mean: 679.110000 std: 118.785681

 2017-09-01 16:21:38
Episodes 120001 -> 122001 Done (70.104s) ... 
- Training loss: 2.7588
Evaluation num episodes:  100
# Evaluation of policy
- Return stats:
 Mean: -94.035338 std: 19.045026
- Scores stats:
 Mean: -671.070000 std: 136.828524
- Frames stats:
 Mean: 672.100000 std: 136.681637

 2017-09-01 16:22:47
Episodes 122001 -> 124001 Done (69.672s) ... 
- Training loss: 4.7214
Evaluation num episodes:  100
# Evaluation of policy
- Return stats:
 Mean: -91.117157 std: 24.807118
- Scores stats:
 Mean: -650.120000 std: 178.165613
- Frames stats:
 Mean: 651.180000 std: 177.946980

 2017-09-01 16:23:56
Episodes 124001 -> 126001 Done (68.281s) ... 
- Training loss: 2.8563
Evaluation num episodes:  100
# Evaluation of policy
- Return stats:
 Mean: -91.136759 std: 24.735395
- Scores stats:
 Mean: -650.140000 std: 178.092674
- Frames stats:
 Mean: 651.200000 std: 177.874057

 2017-09-01 16:25:04
Episodes 126001 -> 128001 Done (68.370s) ... 
- Training loss: 9.4213
Evaluation num episodes:  100
# Evaluation of policy
- Return stats:
 Mean: -95.014567 std: 16.537194
- Scores stats:
 Mean: -678.060000 std: 119.069880
- Frames stats:
 Mean: 679.090000 std: 118.899293

 2017-09-01 16:26:14
Episodes 128001 -> 130001 Done (70.097s) ... 
- Training loss: 6.1378
Evaluation num episodes:  100
# Evaluation of policy
- Return stats:
 Mean: -95.964392 std: 13.709199
- Scores stats:
 Mean: -685.020000 std: 97.860000
- Frames stats:
 Mean: 686.040000 std: 97.720000

 2017-09-01 16:27:24
Episodes 130001 -> 132001 Done (70.466s) ... 
- Training loss: 9.1318
Evaluation num episodes:  100
# Evaluation of policy
- Return stats:
 Mean: -95.983994 std: 13.571985
- Scores stats:
 Mean: -685.040000 std: 97.720000
- Frames stats:
 Mean: 686.060000 std: 97.580000

 2017-09-01 16:28:35
Episodes 132001 -> 134001 Done (70.516s) ... 
- Training loss: 4.4926
Evaluation num episodes:  100
# Evaluation of policy
- Return stats:
 Mean: -95.014567 std: 16.537194
- Scores stats:
 Mean: -678.060000 std: 119.069880
- Frames stats:
 Mean: 679.090000 std: 118.899293

 2017-09-01 16:29:45
Episodes 134001 -> 136001 Done (70.253s) ... 
- Training loss: 11.0852
Evaluation num episodes:  100
# Evaluation of policy
- Return stats:
 Mean: -93.056012 std: 21.214771
- Scores stats:
 Mean: -664.080000 std: 152.212856
- Frames stats:
 Mean: 665.110000 std: 152.082208

 2017-09-01 16:30:54
Episodes 136001 -> 138001 Done (69.187s) ... 
- Training loss: 10.8368
Evaluation num episodes:  100
# Evaluation of policy
- Return stats:
 Mean: -95.993697 std: 13.504238
- Scores stats:
 Mean: -685.050000 std: 97.650026
- Frames stats:
 Mean: 686.070000 std: 97.510026

 2017-09-01 16:32:06
Episodes 138001 -> 140001 Done (71.424s) ... 
- Training loss: 2.8614
Evaluation num episodes:  100
# Evaluation of policy
- Return stats:
 Mean: -95.004766 std: 16.593118
- Scores stats:
 Mean: -678.050000 std: 119.126771
- Frames stats:
 Mean: 679.080000 std: 118.956184

 2017-09-01 16:33:17
Episodes 140001 -> 142001 Done (70.739s) ... 
- Training loss: 8.4692
Evaluation num episodes:  100
# Evaluation of policy
- Return stats:
 Mean: -94.035338 std: 19.045026
- Scores stats:
 Mean: -671.070000 std: 136.828524
- Frames stats:
 Mean: 672.100000 std: 136.681637

 2017-09-01 16:34:34
Episodes 142001 -> 144001 Done (76.929s) ... 
- Training loss: 9.9535
Evaluation num episodes:  100
# Evaluation of policy
- Return stats:
 Mean: -95.983994 std: 13.571985
- Scores stats:
 Mean: -685.040000 std: 97.720000
- Frames stats:
 Mean: 686.060000 std: 97.580000

 2017-09-01 16:35:44
Episodes 144001 -> 146001 Done (70.707s) ... 
- Training loss: 9.0638
Evaluation num episodes:  100
# Evaluation of policy
- Return stats:
 Mean: -95.993697 std: 13.504238
- Scores stats:
 Mean: -685.050000 std: 97.650026
- Frames stats:
 Mean: 686.070000 std: 97.510026

 2017-09-01 16:36:55
Episodes 146001 -> 148001 Done (70.562s) ... 
- Training loss: 12.6212
Evaluation num episodes:  100
# Evaluation of policy
- Return stats:
 Mean: -94.025537 std: 19.093103
- Scores stats:
 Mean: -671.060000 std: 136.877523
- Frames stats:
 Mean: 672.080000 std: 136.779653

 2017-09-01 16:38:05
Episodes 148001 -> 150001 Done (69.731s) ... 
- Training loss: 5.4748
Evaluation num episodes:  100
# Evaluation of policy
- Return stats:
 Mean: -95.983994 std: 13.571985
- Scores stats:
 Mean: -685.040000 std: 97.720000
- Frames stats:
 Mean: 686.060000 std: 97.580000

 2017-09-01 16:39:15
Episodes 150001 -> 152001 Done (70.565s) ... 
- Training loss: 7.2737
Evaluation num episodes:  100
# Evaluation of policy
- Return stats:
 Mean: -95.014567 std: 16.537194
- Scores stats:
 Mean: -678.060000 std: 119.069880
- Frames stats:
 Mean: 679.090000 std: 118.899293

 2017-09-01 16:40:25
Episodes 152001 -> 154001 Done (70.153s) ... 
- Training loss: 2.4091
Evaluation num episodes:  100
# Evaluation of policy
- Return stats:
 Mean: -92.154509 std: 22.833130
- Scores stats:
 Mean: -657.170000 std: 165.568116
- Frames stats:
 Mean: 658.230000 std: 165.330630

 2017-09-01 16:41:34
Episodes 154001 -> 156001 Done (68.720s) ... 
- Training loss: 8.9596
Evaluation num episodes:  100
# Evaluation of policy
- Return stats:
 Mean: -90.167331 std: 26.300603
- Scores stats:
 Mean: -643.160000 std: 189.362706
- Frames stats:
 Mean: 644.240000 std: 189.091413

 2017-09-01 16:42:42
Episodes 156001 -> 158001 Done (67.848s) ... 
- Training loss: 22.9347
Evaluation num episodes:  100
# Evaluation of policy
- Return stats:
 Mean: -95.983994 std: 13.571985
- Scores stats:
 Mean: -685.040000 std: 97.720000
- Frames stats:
 Mean: 686.060000 std: 97.580000

 2017-09-01 16:43:52
Episodes 158001 -> 160001 Done (70.571s) ... 
- Training loss: 16.1937
Evaluation num episodes:  100
# Evaluation of policy
- Return stats:
 Mean: -95.983994 std: 13.571985
- Scores stats:
 Mean: -685.040000 std: 97.720000
- Frames stats:
 Mean: 686.060000 std: 97.580000

 2017-09-01 16:45:03
Episodes 160001 -> 162001 Done (70.632s) ... 
- Training loss: 6.9287
Evaluation num episodes:  100
# Evaluation of policy
- Return stats:
 Mean: -49.747584 std: 47.231548
- Scores stats:
 Mean: -344.340000 std: 347.637864
- Frames stats:
 Mean: 345.840000 std: 347.147885

 2017-09-01 16:45:51
Episodes 162001 -> 164001 Done (47.946s) ... 
- Training loss: 18.0183
Evaluation num episodes:  100
# Evaluation of policy
- Return stats:
 Mean: -90.157530 std: 26.333998
- Scores stats:
 Mean: -643.150000 std: 189.396641
- Frames stats:
 Mean: 644.220000 std: 189.159329

 2017-09-01 16:46:59
Episodes 164001 -> 166001 Done (68.165s) ... 
- Training loss: 24.3460
Evaluation num episodes:  100
# Evaluation of policy
- Return stats:
 Mean: -93.075614 std: 21.129060
- Scores stats:
 Mean: -664.100000 std: 152.125639
- Frames stats:
 Mean: 665.140000 std: 151.951375

 2017-09-01 16:48:14
Episodes 166001 -> 168001 Done (74.768s) ... 
- Training loss: 16.6211
Evaluation num episodes:  100
# Evaluation of policy
- Return stats:
 Mean: -95.014469 std: 16.538327
- Scores stats:
 Mean: -678.060000 std: 119.069964
- Frames stats:
 Mean: 679.080000 std: 118.956352

 2017-09-01 16:49:50
Episodes 168001 -> 170001 Done (95.766s) ... 
- Training loss: 28.7307
Evaluation num episodes:  100
# Evaluation of policy
- Return stats:
 Mean: -95.004766 std: 16.593118
- Scores stats:
 Mean: -678.050000 std: 119.126771
- Frames stats:
 Mean: 679.070000 std: 119.013130

 2017-09-01 16:51:24
Episodes 170001 -> 172001 Done (94.812s) ... 
- Training loss: 13.5147
Evaluation num episodes:  100
# Evaluation of policy
- Return stats:
 Mean: -92.067080 std: 23.178078
- Scores stats:
 Mean: -657.080000 std: 165.924180
- Frames stats:
 Mean: 658.110000 std: 165.805542

 2017-09-01 16:52:53
Episodes 172001 -> 174001 Done (88.361s) ... 
- Training loss: 4.0055
Evaluation num episodes:  100
# Evaluation of policy
- Return stats:
 Mean: -91.156165 std: 24.664936
- Scores stats:
 Mean: -650.160000 std: 178.019815
- Frames stats:
 Mean: 651.220000 std: 177.801214

 2017-09-01 16:54:01
Episodes 174001 -> 176001 Done (68.615s) ... 
- Training loss: 6.6856
Evaluation num episodes:  100
# Evaluation of policy
- Return stats:
 Mean: -94.025537 std: 19.093103
- Scores stats:
 Mean: -671.060000 std: 136.877523
- Frames stats:
 Mean: 672.100000 std: 136.681564

 2017-09-01 16:55:12
Episodes 176001 -> 178001 Done (70.226s) ... 
- Training loss: 6.9646
Evaluation num episodes:  100
# Evaluation of policy
- Return stats:
 Mean: -52.525315 std: 43.981143
- Scores stats:
 Mean: -341.680000 std: 343.370409
- Frames stats:
 Mean: 343.190000 std: 342.880874

 2017-09-01 16:56:00
Episodes 178001 -> 180001 Done (48.113s) ... 
- Training loss: 21.4487
Evaluation num episodes:  100
# Evaluation of policy
- Return stats:
 Mean: -91.165578 std: 24.631800
- Scores stats:
 Mean: -650.170000 std: 177.983542
- Frames stats:
 Mean: 651.230000 std: 177.764949

 2017-09-01 16:57:08
Episodes 180001 -> 182001 Done (68.245s) ... 
- Training loss: 16.2558
Evaluation num episodes:  100
# Evaluation of policy
- Return stats:
 Mean: -94.045139 std: 18.996822
- Scores stats:
 Mean: -671.080000 std: 136.779507
- Frames stats:
 Mean: 672.120000 std: 136.583548

 2017-09-01 16:58:18
Episodes 182001 -> 184001 Done (69.705s) ... 
- Training loss: 1.5642
Evaluation num episodes:  100
# Evaluation of policy
- Return stats:
 Mean: -96.953422 std: 9.645682
- Scores stats:
 Mean: -692.020000 std: 69.450123
- Frames stats:
 Mean: 693.030000 std: 69.350624

 2017-09-01 16:59:29
Episodes 184001 -> 186001 Done (71.053s) ... 
- Training loss: 8.6104
Evaluation num episodes:  100
# Evaluation of policy
- Return stats:
 Mean: -94.054744 std: 18.950456
- Scores stats:
 Mean: -671.090000 std: 136.730618
- Frames stats:
 Mean: 672.130000 std: 136.534659

 2017-09-01 17:00:39
Episodes 186001 -> 188001 Done (69.763s) ... 
- Training loss: 3.0298
Evaluation num episodes:  100
# Evaluation of policy
- Return stats:
 Mean: -95.024270 std: 16.482211
- Scores stats:
 Mean: -678.070000 std: 119.013046
- Frames stats:
 Mean: 679.100000 std: 118.842459

 2017-09-01 17:01:49
Episodes 188001 -> 190001 Done (70.177s) ... 
- Training loss: 12.3221
Evaluation num episodes:  100
# Evaluation of policy
- Return stats:
 Mean: -94.985164 std: 16.704387
- Scores stats:
 Mean: -678.030000 std: 119.240468
- Frames stats:
 Mean: 679.040000 std: 119.183633

 2017-09-01 17:02:59
Episodes 190001 -> 192001 Done (70.030s) ... 
- Training loss: 12.5513
Evaluation num episodes:  100
# Evaluation of policy
- Return stats:
 Mean: -89.197320 std: 27.747774
- Scores stats:
 Mean: -636.180000 std: 199.755219
- Frames stats:
 Mean: 637.240000 std: 199.564632

 2017-09-01 17:04:06
Episodes 192001 -> 194001 Done (67.377s) ... 
- Training loss: 9.7858
Evaluation num episodes:  100
# Evaluation of policy
- Return stats:
 Mean: -91.136759 std: 24.735395
- Scores stats:
 Mean: -650.140000 std: 178.092674
- Frames stats:
 Mean: 651.200000 std: 177.874057

 2017-09-01 17:05:14
Episodes 194001 -> 196001 Done (68.309s) ... 
- Training loss: 3.1865
Evaluation num episodes:  100
# Evaluation of policy
- Return stats:
 Mean: -93.046309 std: 21.256618
- Scores stats:
 Mean: -664.070000 std: 152.256380
- Frames stats:
 Mean: 665.120000 std: 152.038435

 2017-09-01 17:06:24
Episodes 196001 -> 198001 Done (69.189s) ... 
- Training loss: 6.4572
Evaluation num episodes:  100
# Evaluation of policy
- Return stats:
 Mean: -94.035338 std: 19.045026
- Scores stats:
 Mean: -671.070000 std: 136.828524
- Frames stats:
 Mean: 672.110000 std: 136.632565

 2017-09-01 17:07:33
Episodes 198001 -> 200001 Done (69.640s) ... 
- Training loss: 11.8574
Evaluation num episodes:  100
# Evaluation of policy
- Return stats:
 Mean: -90.176260 std: 26.273274
- Scores stats:
 Mean: -643.170000 std: 189.329240
- Frames stats:
 Mean: 644.230000 std: 189.125929

 2017-09-01 17:08:41
Episodes 200001 -> 202001 Done (68.117s) ... 
- Training loss: 6.8256
Evaluation num episodes:  100
# Evaluation of policy
- Return stats:
 Mean: -93.046309 std: 21.256618
- Scores stats:
 Mean: -664.070000 std: 152.256380
- Frames stats:
 Mean: 665.090000 std: 152.169320

 2017-09-01 17:09:51
Episodes 202001 -> 204001 Done (69.395s) ... 
- Training loss: 12.7220
Evaluation num episodes:  100
# Evaluation of policy
- Return stats:
 Mean: -91.127056 std: 24.770544
- Scores stats:
 Mean: -650.130000 std: 178.129091
- Frames stats:
 Mean: 651.200000 std: 177.873944

 2017-09-01 17:10:59
Episodes 204001 -> 206001 Done (68.375s) ... 
- Training loss: 33.6675
Evaluation num episodes:  100
# Evaluation of policy
- Return stats:
 Mean: -93.065911 std: 21.171085
- Scores stats:
 Mean: -664.090000 std: 152.169188
- Frames stats:
 Mean: 665.130000 std: 151.994911

 2017-09-01 17:12:09
Episodes 206001 -> 208001 Done (69.395s) ... 
- Training loss: 25.7312
Evaluation num episodes:  100
# Evaluation of policy
- Return stats:
 Mean: -90.225162 std: 26.106179
- Scores stats:
 Mean: -643.220000 std: 189.159487
- Frames stats:
 Mean: 644.300000 std: 188.888194

 2017-09-01 17:13:17
Episodes 208001 -> 210001 Done (67.991s) ... 
- Training loss: 3.8317
Evaluation num episodes:  100
# Evaluation of policy
- Return stats:
 Mean: -92.115889 std: 22.985195
- Scores stats:
 Mean: -657.130000 std: 165.726320
- Frames stats:
 Mean: 658.180000 std: 165.528510

 2017-09-01 17:14:26
Episodes 210001 -> 212001 Done (69.043s) ... 
- Training loss: 16.7191
Evaluation num episodes:  100
# Evaluation of policy
- Return stats:
 Mean: -97.922849 std: 0.000000
- Scores stats:
 Mean: -699.000000 std: 0.000000
- Frames stats:
 Mean: 700.000000 std: 0.000000

 2017-09-01 17:15:37
Episodes 212001 -> 214001 Done (71.817s) ... 
- Training loss: 18.4864
Evaluation num episodes:  100
# Evaluation of policy
- Return stats:
 Mean: -95.983994 std: 13.571985
- Scores stats:
 Mean: -685.040000 std: 97.720000
- Frames stats:
 Mean: 686.060000 std: 97.580000

 2017-09-01 17:16:48
Episodes 214001 -> 216001 Done (70.851s) ... 
- Training loss: 14.6957
Evaluation num episodes:  100
# Evaluation of policy
- Return stats:
 Mean: -91.107454 std: 24.842157
- Scores stats:
 Mean: -650.110000 std: 178.202014
- Frames stats:
 Mean: 651.150000 std: 178.056360

 2017-09-01 17:17:57
Episodes 216001 -> 218001 Done (68.537s) ... 
- Training loss: 11.4131
Evaluation num episodes:  100
# Evaluation of policy
- Return stats:
 Mean: -93.104626 std: 21.003316
- Scores stats:
 Mean: -664.130000 std: 151.994977
- Frames stats:
 Mean: 665.180000 std: 151.777033

 2017-09-01 17:19:06
Episodes 218001 -> 220001 Done (69.374s) ... 
- Training loss: 14.0663
Evaluation num episodes:  100
# Evaluation of policy
- Return stats:
 Mean: -94.054356 std: 18.954310
- Scores stats:
 Mean: -671.090000 std: 136.730911
- Frames stats:
 Mean: 672.110000 std: 136.633151

 2017-09-01 17:20:16
Episodes 220001 -> 222001 Done (69.891s) ... 
- Training loss: 4.4179
Evaluation num episodes:  100
# Evaluation of policy
- Return stats:
 Mean: -92.163922 std: 22.796920
- Scores stats:
 Mean: -657.180000 std: 165.528691
- Frames stats:
 Mean: 658.240000 std: 165.291205

 2017-09-01 17:21:25
Episodes 222001 -> 224001 Done (69.097s) ... 
- Training loss: 3.5565
Evaluation num episodes:  100
# Evaluation of policy
- Return stats:
 Mean: -92.135101 std: 22.910102
- Scores stats:
 Mean: -657.150000 std: 165.647298
- Frames stats:
 Mean: 658.200000 std: 165.449509

 2017-09-01 17:22:35
Episodes 224001 -> 226001 Done (69.910s) ... 
- Training loss: 19.0904
Evaluation num episodes:  100
# Evaluation of policy
- Return stats:
 Mean: -95.964392 std: 13.709199
- Scores stats:
 Mean: -685.020000 std: 97.860000
- Frames stats:
 Mean: 686.030000 std: 97.790026

 2017-09-01 17:23:49
Episodes 226001 -> 228001 Done (73.945s) ... 
- Training loss: 5.3159
Evaluation num episodes:  100
# Evaluation of policy
- Return stats:
 Mean: -95.004766 std: 16.593118
- Scores stats:
 Mean: -678.050000 std: 119.126771
- Frames stats:
 Mean: 679.080000 std: 118.956184

 2017-09-01 17:25:01
Episodes 228001 -> 230001 Done (72.452s) ... 
- Training loss: 38.2051
Evaluation num episodes:  100
# Evaluation of policy
- Return stats:
 Mean: -95.974193 std: 13.640768
- Scores stats:
 Mean: -685.030000 std: 97.790026
- Frames stats:
 Mean: 686.050000 std: 97.650026

 2017-09-01 17:26:15
Episodes 230001 -> 232001 Done (73.286s) ... 
- Training loss: 11.8214
Evaluation num episodes:  100
# Evaluation of policy
- Return stats:
 Mean: -91.194496 std: 24.526956
- Scores stats:
 Mean: -650.200000 std: 177.874281
- Frames stats:
 Mean: 651.270000 std: 177.619135

 2017-09-01 17:27:23
Episodes 232001 -> 234001 Done (68.454s) ... 
- Training loss: 25.2602
Evaluation num episodes:  100
# Evaluation of policy
- Return stats:
 Mean: -93.085415 std: 21.086067
- Scores stats:
 Mean: -664.110000 std: 152.082010
- Frames stats:
 Mean: 665.160000 std: 151.864066

 2017-09-01 17:28:33
Episodes 234001 -> 236001 Done (69.407s) ... 
- Training loss: 14.5474
Evaluation num episodes:  100
# Evaluation of policy
- Return stats:
 Mean: -93.104144 std: 21.007571
- Scores stats:
 Mean: -664.130000 std: 151.995306
- Frames stats:
 Mean: 665.180000 std: 151.777362

 2017-09-01 17:29:42
Episodes 236001 -> 238001 Done (69.376s) ... 
- Training loss: 5.5580
Evaluation num episodes:  100
# Evaluation of policy
- Return stats:
 Mean: -95.043386 std: 16.375014
- Scores stats:
 Mean: -678.090000 std: 118.899545
- Frames stats:
 Mean: 679.120000 std: 118.728959

 2017-09-01 17:30:52
Episodes 238001 -> 240001 Done (70.349s) ... 
- Training loss: 7.7648
Evaluation num episodes:  100
# Evaluation of policy
- Return stats:
 Mean: -93.085415 std: 21.086067
- Scores stats:
 Mean: -664.110000 std: 152.082010
- Frames stats:
 Mean: 665.160000 std: 151.864066

 2017-09-01 17:32:02
Episodes 240001 -> 242001 Done (69.369s) ... 
- Training loss: 10.5338
Evaluation num episodes:  100
# Evaluation of policy
- Return stats:
 Mean: -96.012813 std: 13.371806
- Scores stats:
 Mean: -685.070000 std: 97.510231
- Frames stats:
 Mean: 686.090000 std: 97.370231

 2017-09-01 17:33:12
Episodes 242001 -> 244001 Done (70.786s) ... 
- Training loss: 10.2935
Evaluation num episodes:  100
# Evaluation of policy
- Return stats:
 Mean: -95.004766 std: 16.593118
- Scores stats:
 Mean: -678.050000 std: 119.126771
- Frames stats:
 Mean: 679.080000 std: 118.956184

 2017-09-01 17:34:23
Episodes 244001 -> 246001 Done (70.281s) ... 
- Training loss: 5.4021
Evaluation num episodes:  100
# Evaluation of policy
- Return stats:
 Mean: -96.953422 std: 9.645682
- Scores stats:
 Mean: -692.020000 std: 69.450123
- Frames stats:
 Mean: 693.030000 std: 69.350624

 2017-09-01 17:35:34
Episodes 246001 -> 248001 Done (71.253s) ... 
- Training loss: 21.3214
Evaluation num episodes:  100
# Evaluation of policy
- Return stats:
 Mean: -95.983994 std: 13.571985
- Scores stats:
 Mean: -685.040000 std: 97.720000
- Frames stats:
 Mean: 686.060000 std: 97.580000

 2017-09-01 17:36:45
Episodes 248001 -> 250001 Done (70.919s) ... 
- Training loss: 7.9114
Evaluation num episodes:  100
# Evaluation of policy
- Return stats:
 Mean: -92.125690 std: 22.946090
- Scores stats:
 Mean: -657.140000 std: 165.686693
- Frames stats:
 Mean: 658.200000 std: 165.449207

 2017-09-01 17:37:54
Episodes 250001 -> 252001 Done (68.934s) ... 
- Training loss: 23.3674
Evaluation num episodes:  100
# Evaluation of policy
- Return stats:
 Mean: -94.054842 std: 18.949473
- Scores stats:
 Mean: -671.090000 std: 136.730545
- Frames stats:
 Mean: 672.130000 std: 136.534586

 2017-09-01 17:39:04
Episodes 252001 -> 254001 Done (69.784s) ... 
- Training loss: 30.9180
Evaluation num episodes:  100
# Evaluation of policy
- Return stats:
 Mean: -95.983994 std: 13.571985
- Scores stats:
 Mean: -685.040000 std: 97.720000
- Frames stats:
 Mean: 686.060000 std: 97.580000

 2017-09-01 17:40:14
Episodes 254001 -> 256001 Done (70.790s) ... 
- Training loss: 18.2326
Evaluation num episodes:  100
# Evaluation of policy
- Return stats:
 Mean: -94.045139 std: 18.996822
- Scores stats:
 Mean: -671.080000 std: 136.779507
- Frames stats:
 Mean: 672.120000 std: 136.583548

 2017-09-01 17:41:24
Episodes 256001 -> 258001 Done (69.869s) ... 
- Training loss: 20.0605
Evaluation num episodes:  100
# Evaluation of policy
- Return stats:
 Mean: -96.963125 std: 9.549138
- Scores stats:
 Mean: -692.030000 std: 69.350624
- Frames stats:
 Mean: 693.040000 std: 69.251126

 2017-09-01 17:42:36
Episodes 258001 -> 260001 Done (71.218s) ... 
- Training loss: 8.2087
Evaluation num episodes:  100
# Evaluation of policy
- Return stats:
 Mean: -96.943621 std: 9.743200
- Scores stats:
 Mean: -692.010000 std: 69.549622
- Frames stats:
 Mean: 693.020000 std: 69.450123

 2017-09-01 17:43:47
Episodes 260001 -> 262001 Done (71.204s) ... 
- Training loss: 6.9196
Evaluation num episodes:  100
# Evaluation of policy
- Return stats:
 Mean: -94.054744 std: 18.950456
- Scores stats:
 Mean: -671.090000 std: 136.730618
- Frames stats:
 Mean: 672.120000 std: 136.583768

 2017-09-01 17:44:57
Episodes 262001 -> 264001 Done (69.904s) ... 
- Training loss: 8.3995
Evaluation num episodes:  100
# Evaluation of policy
- Return stats:
 Mean: -91.107356 std: 24.842896
- Scores stats:
 Mean: -650.110000 std: 178.202070
- Frames stats:
 Mean: 651.150000 std: 178.056417

 2017-09-01 17:46:05
Episodes 264001 -> 266001 Done (68.395s) ... 
- Training loss: 22.0431
Evaluation num episodes:  100
# Evaluation of policy
- Return stats:
 Mean: -95.004766 std: 16.593118
- Scores stats:
 Mean: -678.050000 std: 119.126771
- Frames stats:
 Mean: 679.080000 std: 118.956184

 2017-09-01 17:47:21
Episodes 266001 -> 268001 Done (75.639s) ... 
- Training loss: 44.2842
Evaluation num episodes:  100
# Evaluation of policy
- Return stats:
 Mean: -96.943621 std: 9.743200
- Scores stats:
 Mean: -692.010000 std: 69.549622
- Frames stats:
 Mean: 693.020000 std: 69.450123

 2017-09-01 17:48:38
Episodes 268001 -> 270001 Done (77.044s) ... 
- Training loss: 16.4424
Evaluation num episodes:  100
# Evaluation of policy
- Return stats:
 Mean: -95.004766 std: 16.593118
- Scores stats:
 Mean: -678.050000 std: 119.126771
- Frames stats:
 Mean: 679.080000 std: 118.956184

 2017-09-01 17:49:53
Episodes 270001 -> 272001 Done (75.387s) ... 
- Training loss: 3.4439
Evaluation num episodes:  100
# Evaluation of policy
- Return stats:
 Mean: -93.065911 std: 21.171085
- Scores stats:
 Mean: -664.090000 std: 152.169188
- Frames stats:
 Mean: 665.140000 std: 151.951243

 2017-09-01 17:51:08
Episodes 272001 -> 274001 Done (74.814s) ... 
- Training loss: 36.4639
Evaluation num episodes:  100
# Evaluation of policy
- Return stats:
 Mean: -95.974193 std: 13.640768
- Scores stats:
 Mean: -685.030000 std: 97.790026
- Frames stats:
 Mean: 686.050000 std: 97.650026

 2017-09-01 17:52:24
Episodes 274001 -> 276001 Done (76.193s) ... 
- Training loss: 21.4222
Evaluation num episodes:  100
# Evaluation of policy
- Return stats:
 Mean: -94.035338 std: 19.045026
- Scores stats:
 Mean: -671.070000 std: 136.828524
- Frames stats:
 Mean: 672.110000 std: 136.632565

 2017-09-01 17:53:40
Episodes 276001 -> 278001 Done (75.669s) ... 
- Training loss: 43.5603
Evaluation num episodes:  100
# Evaluation of policy
- Return stats:
 Mean: -95.004766 std: 16.593118
- Scores stats:
 Mean: -678.050000 std: 119.126771
- Frames stats:
 Mean: 679.080000 std: 118.956184

 2017-09-01 17:54:57
Episodes 278001 -> 280001 Done (77.206s) ... 
- Training loss: 20.8829
Evaluation num episodes:  100
# Evaluation of policy
- Return stats:
 Mean: -95.004766 std: 16.593118
- Scores stats:
 Mean: -678.050000 std: 119.126771
- Frames stats:
 Mean: 679.070000 std: 119.013130

 2017-09-01 17:56:14
Episodes 280001 -> 282001 Done (76.750s) ... 
- Training loss: 8.1703
Evaluation num episodes:  100
# Evaluation of policy
- Return stats:
 Mean: -94.035338 std: 19.045026
- Scores stats:
 Mean: -671.070000 std: 136.828524
- Frames stats:
 Mean: 672.110000 std: 136.632565

 2017-09-01 17:57:32
Episodes 282001 -> 284001 Done (77.805s) ... 
- Training loss: 4.2458
Evaluation num episodes:  100
# Evaluation of policy
- Return stats:
 Mean: -94.994965 std: 16.648848
- Scores stats:
 Mean: -678.040000 std: 119.183633
- Frames stats:
 Mean: 679.060000 std: 119.069964

 2017-09-01 17:58:44
Episodes 284001 -> 286001 Done (72.204s) ... 
- Training loss: 18.3373
Evaluation num episodes:  100
# Evaluation of policy
- Return stats:
 Mean: -95.983994 std: 13.571985
- Scores stats:
 Mean: -685.040000 std: 97.720000
- Frames stats:
 Mean: 686.060000 std: 97.580000

 2017-09-01 18:00:05
Episodes 286001 -> 288001 Done (80.930s) ... 
- Training loss: 7.0786
Evaluation num episodes:  100
# Evaluation of policy
- Return stats:
 Mean: -94.035338 std: 19.045026
- Scores stats:
 Mean: -671.070000 std: 136.828524
- Frames stats:
 Mean: 672.110000 std: 136.632565

 2017-09-01 18:01:24
Episodes 288001 -> 290001 Done (78.907s) ... 
- Training loss: 39.6925
Evaluation num episodes:  100
# Evaluation of policy
- Return stats:
 Mean: -97.922849 std: 0.000000
- Scores stats:
 Mean: -699.000000 std: 0.000000
- Frames stats:
 Mean: 700.000000 std: 0.000000

 2017-09-01 18:02:43
Episodes 290001 -> 292001 Done (79.557s) ... 
- Training loss: 23.4468
Evaluation num episodes:  100
# Evaluation of policy
- Return stats:
 Mean: -94.994965 std: 16.648848
- Scores stats:
 Mean: -678.040000 std: 119.183633
- Frames stats:
 Mean: 679.060000 std: 119.069964

 2017-09-01 18:04:01
Episodes 292001 -> 294001 Done (77.728s) ... 
- Training loss: 5.0499
Evaluation num episodes:  100
# Evaluation of policy
- Return stats:
 Mean: -94.025537 std: 19.093103
- Scores stats:
 Mean: -671.060000 std: 136.877523
- Frames stats:
 Mean: 672.090000 std: 136.730618

 2017-09-01 18:05:19
Episodes 294001 -> 296001 Done (77.810s) ... 
- Training loss: 39.0120
Evaluation num episodes:  100
# Evaluation of policy
- Return stats:
 Mean: -91.136661 std: 24.736137
- Scores stats:
 Mean: -650.140000 std: 178.092730
- Frames stats:
 Mean: 651.210000 std: 177.837583

 2017-09-01 18:06:37
Episodes 296001 -> 298001 Done (77.895s) ... 
- Training loss: 8.3218
Evaluation num episodes:  100
# Evaluation of policy
- Return stats:
 Mean: -49.036111 std: 46.975832
- Scores stats:
 Mean: -337.630000 std: 347.194114
- Frames stats:
 Mean: 339.140000 std: 346.704255

 2017-09-01 18:07:32
Episodes 298001 -> 300001 Done (55.591s) ... 
- Training loss: 14.7791
Evaluation num episodes:  100
# Evaluation of policy
- Return stats:
 Mean: -92.086682 std: 23.100492
- Scores stats:
 Mean: -657.100000 std: 165.845018
- Frames stats:
 Mean: 658.150000 std: 165.647178

 2017-09-01 18:08:49
Episodes 300001 -> 302001 Done (77.093s) ... 
- Training loss: 25.5672
Evaluation num episodes:  100
# Evaluation of policy
- Return stats:
 Mean: -90.176644 std: 26.270607
- Scores stats:
 Mean: -643.170000 std: 189.329029
- Frames stats:
 Mean: 644.240000 std: 189.091730

 2017-09-01 18:10:07
Episodes 302001 -> 304001 Done (77.698s) ... 
- Training loss: 18.4978
Evaluation num episodes:  100
# Evaluation of policy
- Return stats:
 Mean: -94.994965 std: 16.648848
- Scores stats:
 Mean: -678.040000 std: 119.183633
- Frames stats:
 Mean: 679.060000 std: 119.069964

 2017-09-01 18:11:25
Episodes 304001 -> 306001 Done (78.016s) ... 
- Training loss: 29.8940
Evaluation num episodes:  100
# Evaluation of policy
- Return stats:
 Mean: -93.065911 std: 21.171085
- Scores stats:
 Mean: -664.090000 std: 152.169188
- Frames stats:
 Mean: 665.130000 std: 151.994911

 2017-09-01 18:12:45
Episodes 306001 -> 308001 Done (79.820s) ... 
- Training loss: 19.5513
Evaluation num episodes:  100
# Evaluation of policy
- Return stats:
 Mean: -95.043579 std: 16.372795
- Scores stats:
 Mean: -678.090000 std: 118.899377
- Frames stats:
 Mean: 679.120000 std: 118.728790

 2017-09-01 18:14:04
Episodes 308001 -> 310001 Done (79.212s) ... 
- Training loss: 34.0229
Evaluation num episodes:  100
# Evaluation of policy
- Return stats:
 Mean: -92.076881 std: 23.139319
- Scores stats:
 Mean: -657.090000 std: 165.884604
- Frames stats:
 Mean: 658.140000 std: 165.686754

 2017-09-01 18:15:21
Episodes 310001 -> 312001 Done (76.638s) ... 
- Training loss: 8.6498
Evaluation num episodes:  100
# Evaluation of policy
- Return stats:
 Mean: -95.974193 std: 13.640768
- Scores stats:
 Mean: -685.030000 std: 97.790026
- Frames stats:
 Mean: 686.040000 std: 97.720102

 2017-09-01 18:16:39
Episodes 312001 -> 314001 Done (77.963s) ... 
- Training loss: 14.0044
Evaluation num episodes:  100
# Evaluation of policy
- Return stats:
 Mean: -55.564544 std: 46.833968
- Scores stats:
 Mean: -386.220000 std: 345.792064
- Frames stats:
 Mean: 387.670000 std: 345.294571

 2017-09-01 18:17:36
Episodes 314001 -> 316001 Done (57.853s) ... 
- Training loss: 13.9609
Evaluation num episodes:  100
# Evaluation of policy
- Return stats:
 Mean: -54.623472 std: 46.919669
- Scores stats:
 Mean: -379.270000 std: 346.419626
- Frames stats:
 Mean: 380.730000 std: 345.921230

 2017-09-01 18:18:35
Episodes 316001 -> 318001 Done (58.685s) ... 
- Training loss: 6.5606
Evaluation num episodes:  100
# Evaluation of policy
- Return stats:
 Mean: -95.024270 std: 16.482211
- Scores stats:
 Mean: -678.070000 std: 119.013046
- Frames stats:
 Mean: 679.100000 std: 118.842459

 2017-09-01 18:19:56
Episodes 318001 -> 320001 Done (80.777s) ... 
- Training loss: 8.3642
Evaluation num episodes:  100
# Evaluation of policy
- Return stats:
 Mean: -40.542483 std: 45.887442
- Scores stats:
 Mean: -275.050000 std: 338.987208
- Frames stats:
 Mean: 276.660000 std: 338.499460

 2017-09-01 18:20:47
Episodes 320001 -> 322001 Done (51.424s) ... 
- Training loss: 37.7429
Evaluation num episodes:  100
# Evaluation of policy
- Return stats:
 Mean: -95.024075 std: 16.484461
- Scores stats:
 Mean: -678.070000 std: 119.013214
- Frames stats:
 Mean: 679.100000 std: 118.842627

 2017-09-01 18:22:05
Episodes 322001 -> 324001 Done (77.597s) ... 
- Training loss: 19.9424
Evaluation num episodes:  100
# Evaluation of policy
- Return stats:
 Mean: -97.922849 std: 0.000000
- Scores stats:
 Mean: -699.000000 std: 0.000000
- Frames stats:
 Mean: 700.000000 std: 0.000000

 2017-09-01 18:23:26
Episodes 324001 -> 326001 Done (80.668s) ... 
- Training loss: 18.9983
Evaluation num episodes:  100
# Evaluation of policy
- Return stats:
 Mean: -96.953422 std: 9.645682
- Scores stats:
 Mean: -692.020000 std: 69.450123
- Frames stats:
 Mean: 693.030000 std: 69.350624

 2017-09-01 18:24:46
Episodes 326001 -> 328001 Done (80.257s) ... 
- Training loss: 9.3158
Evaluation num episodes:  100
# Evaluation of policy
- Return stats:
 Mean: -51.715662 std: 47.148142
- Scores stats:
 Mean: -358.330000 std: 347.554026
- Frames stats:
 Mean: 359.820000 std: 347.054128

 2017-09-01 18:25:42
Episodes 328001 -> 330001 Done (55.796s) ... 
- Training loss: 33.1181
Evaluation num episodes:  100
# Evaluation of policy
- Return stats:
 Mean: -94.985164 std: 16.704387
- Scores stats:
 Mean: -678.030000 std: 119.240468
- Frames stats:
 Mean: 679.060000 std: 119.069880

 2017-09-01 18:26:59
Episodes 330001 -> 332001 Done (77.420s) ... 
- Training loss: 5.4480
Evaluation num episodes:  100
# Evaluation of policy
- Return stats:
 Mean: -93.065911 std: 21.171085
- Scores stats:
 Mean: -664.090000 std: 152.169188
- Frames stats:
 Mean: 665.130000 std: 151.994911

 2017-09-01 18:28:18
Episodes 332001 -> 334001 Done (78.583s) ... 
- Training loss: 28.1639
Evaluation num episodes:  100
# Evaluation of policy
- Return stats:
 Mean: -92.067080 std: 23.178078
- Scores stats:
 Mean: -657.080000 std: 165.924180
- Frames stats:
 Mean: 658.130000 std: 165.726320

 2017-09-01 18:29:34
Episodes 334001 -> 336001 Done (76.287s) ... 
- Training loss: 12.4957
Evaluation num episodes:  100
# Evaluation of policy
- Return stats:
 Mean: -93.056110 std: 21.213897
- Scores stats:
 Mean: -664.080000 std: 152.212791
- Frames stats:
 Mean: 665.130000 std: 151.994846

 2017-09-01 18:30:52
Episodes 336001 -> 338001 Done (78.024s) ... 
- Training loss: 27.4621
Evaluation num episodes:  100
# Evaluation of policy
- Return stats:
 Mean: -87.258463 std: 30.336515
- Scores stats:
 Mean: -622.220000 std: 218.397371
- Frames stats:
 Mean: 623.320000 std: 218.112993

 2017-09-01 18:32:08
Episodes 338001 -> 340001 Done (76.500s) ... 
- Training loss: 29.8967
Evaluation num episodes:  100
# Evaluation of policy
- Return stats:
 Mean: -95.993697 std: 13.504238
- Scores stats:
 Mean: -685.050000 std: 97.650026
- Frames stats:
 Mean: 686.070000 std: 97.510026

 2017-09-01 18:33:30
Episodes 340001 -> 342001 Done (81.195s) ... 
- Training loss: 50.7275
Evaluation num episodes:  100
# Evaluation of policy
- Return stats:
 Mean: -94.045139 std: 18.996822
- Scores stats:
 Mean: -671.080000 std: 136.779507
- Frames stats:
 Mean: 672.120000 std: 136.583548

 2017-09-01 18:34:48
Episodes 342001 -> 344001 Done (78.612s) ... 
- Training loss: 6.0626
Evaluation num episodes:  100
# Evaluation of policy
- Return stats:
 Mean: -93.104723 std: 21.002451
- Scores stats:
 Mean: -664.130000 std: 151.994911
- Frames stats:
 Mean: 665.180000 std: 151.776967

 2017-09-01 18:36:05
Episodes 344001 -> 346001 Done (76.920s) ... 
- Training loss: 8.4676
Evaluation num episodes:  100
# Evaluation of policy
- Return stats:
 Mean: -95.004766 std: 16.593118
- Scores stats:
 Mean: -678.050000 std: 119.126771
- Frames stats:
 Mean: 679.070000 std: 119.013130

 2017-09-01 18:37:22
Episodes 346001 -> 348001 Done (76.331s) ... 
- Training loss: 16.9384
Evaluation num episodes:  100
# Evaluation of policy
- Return stats:
 Mean: -46.984841 std: 47.019755
- Scores stats:
 Mean: -323.550000 std: 346.525565
- Frames stats:
 Mean: 325.080000 std: 346.036521

 2017-09-01 18:38:12
Episodes 348001 -> 350001 Done (50.452s) ... 
- Training loss: 33.3995
Evaluation num episodes:  100
# Evaluation of policy
- Return stats:
 Mean: -95.993502 std: 13.506998
- Scores stats:
 Mean: -685.050000 std: 97.650230
- Frames stats:
 Mean: 686.060000 std: 97.580410

 2017-09-01 18:39:32
Episodes 350001 -> 352001 Done (80.065s) ... 
- Training loss: 31.6262
Evaluation num episodes:  100
# Evaluation of policy
- Return stats:
 Mean: -96.963125 std: 9.549138
- Scores stats:
 Mean: -692.030000 std: 69.350624
- Frames stats:
 Mean: 693.040000 std: 69.251126

 2017-09-01 18:40:54
Episodes 352001 -> 354001 Done (81.461s) ... 
- Training loss: 40.8832
Evaluation num episodes:  100
# Evaluation of policy
- Return stats:
 Mean: -52.509250 std: 46.350234
- Scores stats:
 Mean: -359.180000 std: 346.688603
- Frames stats:
 Mean: 360.660000 std: 346.199082

 2017-09-01 18:41:49
Episodes 354001 -> 356001 Done (55.876s) ... 
- Training loss: 43.5501
Evaluation num episodes:  100
# Evaluation of policy
- Return stats:
 Mean: -88.218675 std: 29.112997
- Scores stats:
 Mean: -629.190000 std: 209.430069
- Frames stats:
 Mean: 630.290000 std: 209.130069

 2017-09-01 18:43:06
Episodes 356001 -> 358001 Done (76.606s) ... 
- Training loss: 33.0228
Evaluation num episodes:  100
# Evaluation of policy
- Return stats:
 Mean: -96.953422 std: 9.645682
- Scores stats:
 Mean: -692.020000 std: 69.450123
- Frames stats:
 Mean: 693.030000 std: 69.350624

 2017-09-01 18:44:26
Episodes 358001 -> 360001 Done (79.743s) ... 
- Training loss: 56.8472
Evaluation num episodes:  100
# Evaluation of policy
- Return stats:
 Mean: -92.076783 std: 23.140116
- Scores stats:
 Mean: -657.090000 std: 165.884664
- Frames stats:
 Mean: 658.150000 std: 165.647178

 2017-09-01 18:45:42
Episodes 360001 -> 362001 Done (76.189s) ... 
- Training loss: 9.8244
Evaluation num episodes:  100
# Evaluation of policy
- Return stats:
 Mean: -39.592663 std: 45.671745
- Scores stats:
 Mean: -268.090000 std: 337.352341
- Frames stats:
 Mean: 269.710000 std: 336.866956

 2017-09-01 18:46:26
Episodes 362001 -> 364001 Done (44.094s) ... 
- Training loss: 7.9513
Evaluation num episodes:  100
# Evaluation of policy
- Return stats:
 Mean: -93.094730 std: 21.047315
- Scores stats:
 Mean: -664.120000 std: 152.038698
- Frames stats:
 Mean: 665.170000 std: 151.820753

 2017-09-01 18:47:36
Episodes 364001 -> 366001 Done (69.480s) ... 
- Training loss: 58.4762
Evaluation num episodes:  100
# Evaluation of policy
- Return stats:
 Mean: -88.277089 std: 28.937687
- Scores stats:
 Mean: -629.250000 std: 209.250060
- Frames stats:
 Mean: 630.350000 std: 208.950060

 2017-09-01 18:48:43
Episodes 366001 -> 368001 Done (67.124s) ... 
- Training loss: 29.8391
Evaluation num episodes:  100
# Evaluation of policy
- Return stats:
 Mean: -92.086682 std: 23.100492
- Scores stats:
 Mean: -657.100000 std: 165.845018
- Frames stats:
 Mean: 658.150000 std: 165.647178

 2017-09-01 18:49:52
Episodes 368001 -> 370001 Done (69.114s) ... 
- Training loss: 10.0806
Evaluation num episodes:  100
# Evaluation of policy
- Return stats:
 Mean: -96.943621 std: 9.743200
- Scores stats:
 Mean: -692.010000 std: 69.549622
- Frames stats:
 Mean: 693.020000 std: 69.450123

 2017-09-01 18:51:03
Episodes 370001 -> 372001 Done (71.416s) ... 
- Training loss: 18.4052
Evaluation num episodes:  100
# Evaluation of policy
- Return stats:
 Mean: -94.054842 std: 18.949473
- Scores stats:
 Mean: -671.090000 std: 136.730545
- Frames stats:
 Mean: 672.130000 std: 136.534586

 2017-09-01 18:52:13
Episodes 372001 -> 374001 Done (70.049s) ... 
- Training loss: 20.1149
Evaluation num episodes:  100
# Evaluation of policy
- Return stats:
 Mean: -93.046309 std: 21.256618
- Scores stats:
 Mean: -664.070000 std: 152.256380
- Frames stats:
 Mean: 665.110000 std: 152.082076

 2017-09-01 18:53:23
Episodes 374001 -> 376001 Done (69.662s) ... 
- Training loss: 7.8480
Evaluation num episodes:  100
# Evaluation of policy
- Return stats:
 Mean: -94.045041 std: 18.997802
- Scores stats:
 Mean: -671.080000 std: 136.779580
- Frames stats:
 Mean: 672.120000 std: 136.583621

 2017-09-01 18:54:33
Episodes 376001 -> 378001 Done (70.060s) ... 
- Training loss: 30.1791
Evaluation num episodes:  100
# Evaluation of policy
- Return stats:
 Mean: -95.004766 std: 16.593118
- Scores stats:
 Mean: -678.050000 std: 119.126771
- Frames stats:
 Mean: 679.080000 std: 118.956184

 2017-09-01 18:55:44
Episodes 378001 -> 380001 Done (70.688s) ... 
- Training loss: 14.5695
Evaluation num episodes:  100
# Evaluation of policy
- Return stats:
 Mean: -94.035338 std: 19.045026
- Scores stats:
 Mean: -671.070000 std: 136.828524
- Frames stats:
 Mean: 672.110000 std: 136.632565

 2017-09-01 18:56:54
Episodes 380001 -> 382001 Done (70.081s) ... 
- Training loss: 37.5592
Evaluation num episodes:  100
# Evaluation of policy
- Return stats:
 Mean: -45.209294 std: 46.728833
- Scores stats:
 Mean: -309.760000 std: 345.024872
- Frames stats:
 Mean: 311.320000 std: 344.528486

 2017-09-01 18:57:40
Episodes 382001 -> 384001 Done (46.141s) ... 
- Training loss: 4.9794
Evaluation num episodes:  100
# Evaluation of policy
- Return stats:
 Mean: -93.142477 std: 20.841797
- Scores stats:
 Mean: -664.170000 std: 151.821148
- Frames stats:
 Mean: 665.220000 std: 151.603204

 2017-09-01 18:58:50
Episodes 384001 -> 386001 Done (69.665s) ... 
- Training loss: 43.3866
Evaluation num episodes:  100
# Evaluation of policy
- Return stats:
 Mean: -96.953422 std: 9.645682
- Scores stats:
 Mean: -692.020000 std: 69.450123
- Frames stats:
 Mean: 693.030000 std: 69.350624

 2017-09-01 19:00:01
Episodes 386001 -> 388001 Done (71.514s) ... 
- Training loss: 7.4144
Evaluation num episodes:  100
# Evaluation of policy
- Return stats:
 Mean: -95.004766 std: 16.593118
- Scores stats:
 Mean: -678.050000 std: 119.126771
- Frames stats:
 Mean: 679.080000 std: 118.956184

 2017-09-01 19:01:12
Episodes 388001 -> 390001 Done (70.599s) ... 
- Training loss: 10.6444
Evaluation num episodes:  100
# Evaluation of policy
- Return stats:
 Mean: -95.993697 std: 13.504238
- Scores stats:
 Mean: -685.050000 std: 97.650026
- Frames stats:
 Mean: 686.070000 std: 97.510026

 2017-09-01 19:02:23
Episodes 390001 -> 392001 Done (70.992s) ... 
- Training loss: 25.8484
Evaluation num episodes:  100
# Evaluation of policy
- Return stats:
 Mean: -95.014567 std: 16.537194
- Scores stats:
 Mean: -678.060000 std: 119.069880
- Frames stats:
 Mean: 679.090000 std: 118.899293

 2017-09-01 19:03:33
Episodes 392001 -> 394001 Done (70.659s) ... 
- Training loss: 65.0849
Evaluation num episodes:  100
# Evaluation of policy
- Return stats:
 Mean: -91.107454 std: 24.842157
- Scores stats:
 Mean: -650.110000 std: 178.202014
- Frames stats:
 Mean: 651.170000 std: 177.983373

 2017-09-01 19:04:42
Episodes 394001 -> 396001 Done (68.840s) ... 
- Training loss: 15.0439
Evaluation num episodes:  100
# Evaluation of policy
- Return stats:
 Mean: -95.974193 std: 13.640768
- Scores stats:
 Mean: -685.030000 std: 97.790026
- Frames stats:
 Mean: 686.040000 std: 97.720102

 2017-09-01 19:05:53
Episodes 396001 -> 398001 Done (71.078s) ... 
- Training loss: 2.1976
Evaluation num episodes:  100
# Evaluation of policy
- Return stats:
 Mean: -96.003303 std: 13.437516
- Scores stats:
 Mean: -685.060000 std: 97.580102
- Frames stats:
 Mean: 686.080000 std: 97.440103

 2017-09-01 19:07:04
Episodes 398001 -> 400001 Done (71.031s) ... 
- Training loss: 39.1117
Evaluation num episodes:  100
# Evaluation of policy
- Return stats:
 Mean: -47.051706 std: 46.957033
- Scores stats:
 Mean: -323.620000 std: 346.460814
- Frames stats:
 Mean: 325.160000 std: 345.962418

 2017-09-01 19:07:51
Episodes 400001 -> 402001 Done (47.094s) ... 
- Training loss: 10.3979
Evaluation num episodes:  100
# Evaluation of policy
- Return stats:
 Mean: -95.993697 std: 13.504238
- Scores stats:
 Mean: -685.050000 std: 97.650026
- Frames stats:
 Mean: 686.070000 std: 97.510026

 2017-09-01 19:09:02
Episodes 402001 -> 404001 Done (71.022s) ... 
- Training loss: 22.1910
Evaluation num episodes:  100
# Evaluation of policy
- Return stats:
 Mean: -42.244815 std: 44.569126
- Scores stats:
 Mean: -276.900000 std: 337.515140
- Frames stats:
 Mean: 278.510000 std: 337.027402

 2017-09-01 19:09:46
Episodes 404001 -> 406001 Done (43.956s) ... 
- Training loss: 14.2344
Evaluation num episodes:  100
# Evaluation of policy
- Return stats:
 Mean: -94.054842 std: 18.949473
- Scores stats:
 Mean: -671.090000 std: 136.730545
- Frames stats:
 Mean: 672.130000 std: 136.534586

 2017-09-01 19:10:56
Episodes 406001 -> 408001 Done (70.042s) ... 
- Training loss: 4.1559
Evaluation num episodes:  100
# Evaluation of policy
- Return stats:
 Mean: -45.141951 std: 46.790625
- Scores stats:
 Mean: -309.690000 std: 345.087227
- Frames stats:
 Mean: 311.250000 std: 344.590841

 2017-09-01 19:11:42
Episodes 408001 -> 410001 Done (46.125s) ... 
- Training loss: 10.4898
Evaluation num episodes:  100
# Evaluation of policy
- Return stats:
 Mean: -43.179397 std: 45.653139
- Scores stats:
 Mean: -289.760000 std: 341.151612
- Frames stats:
 Mean: 291.350000 std: 340.659783

 2017-09-01 19:12:27
Episodes 410001 -> 412001 Done (44.724s) ... 
- Training loss: 43.8972
Evaluation num episodes:  100
# Evaluation of policy
- Return stats:
 Mean: -95.983994 std: 13.571985
- Scores stats:
 Mean: -685.040000 std: 97.720000
- Frames stats:
 Mean: 686.060000 std: 97.580000

 2017-09-01 19:13:38
Episodes 412001 -> 414001 Done (70.909s) ... 
- Training loss: 14.1503
Evaluation num episodes:  100
# Evaluation of policy
- Return stats:
 Mean: -95.024075 std: 16.484461
- Scores stats:
 Mean: -678.070000 std: 119.013214
- Frames stats:
 Mean: 679.090000 std: 118.899630

 2017-09-01 19:14:49
Episodes 414001 -> 416001 Done (70.512s) ... 
- Training loss: 11.0884
Evaluation num episodes:  100
# Evaluation of policy
- Return stats:
 Mean: -42.754795 std: 46.953624
- Scores stats:
 Mean: -295.260000 std: 343.568934
- Frames stats:
 Mean: 296.840000 std: 343.075377

 2017-09-01 19:15:34
Episodes 416001 -> 418001 Done (45.539s) ... 
- Training loss: 46.0447
Evaluation num episodes:  100
# Evaluation of policy
- Return stats:
 Mean: -52.715621 std: 47.055597
- Scores stats:
 Mean: -365.340000 std: 347.284702
- Frames stats:
 Mean: 366.820000 std: 346.785103

 2017-09-01 19:16:24
Episodes 418001 -> 420001 Done (49.855s) ... 
- Training loss: 12.7841
Evaluation num episodes:  100
# Evaluation of policy
- Return stats:
 Mean: -95.974193 std: 13.640768
- Scores stats:
 Mean: -685.030000 std: 97.790026
- Frames stats:
 Mean: 686.040000 std: 97.720102

 2017-09-01 19:17:35
Episodes 420001 -> 422001 Done (71.013s) ... 
- Training loss: 5.1827
Evaluation num episodes:  100
# Evaluation of policy
- Return stats:
 Mean: -49.027941 std: 46.981062
- Scores stats:
 Mean: -337.620000 std: 347.203335
- Frames stats:
 Mean: 339.140000 std: 346.703736

 2017-09-01 19:18:23
Episodes 422001 -> 424001 Done (47.904s) ... 
- Training loss: 88.7542
Evaluation num episodes:  100
# Evaluation of policy
- Return stats:
 Mean: -95.974193 std: 13.640768
- Scores stats:
 Mean: -685.030000 std: 97.790026
- Frames stats:
 Mean: 686.040000 std: 97.720102

 2017-09-01 19:19:34
Episodes 424001 -> 426001 Done (70.942s) ... 
- Training loss: 23.4659
Evaluation num episodes:  100
# Evaluation of policy
- Return stats:
 Mean: -95.983896 std: 13.573372
- Scores stats:
 Mean: -685.040000 std: 97.720102
- Frames stats:
 Mean: 686.060000 std: 97.580102

 2017-09-01 19:20:45
Episodes 426001 -> 428001 Done (71.005s) ... 
- Training loss: 7.7435
Evaluation num episodes:  100
# Evaluation of policy
- Return stats:
 Mean: -94.045041 std: 18.997802
- Scores stats:
 Mean: -671.080000 std: 136.779580
- Frames stats:
 Mean: 672.120000 std: 136.583621

 2017-09-01 19:21:55
Episodes 428001 -> 430001 Done (70.008s) ... 
- Training loss: 21.8194
Evaluation num episodes:  100
# Evaluation of policy
- Return stats:
 Mean: -94.035338 std: 19.045026
- Scores stats:
 Mean: -671.070000 std: 136.828524
- Frames stats:
 Mean: 672.110000 std: 136.632565

 2017-09-01 19:23:05
Episodes 430001 -> 432001 Done (70.044s) ... 
- Training loss: 32.5321
Evaluation num episodes:  100
# Evaluation of policy
- Return stats:
 Mean: -90.215749 std: 26.137107
- Scores stats:
 Mean: -643.210000 std: 189.193250
- Frames stats:
 Mean: 644.280000 std: 188.955978

 2017-09-01 19:24:13
Episodes 432001 -> 434001 Done (68.185s) ... 
- Training loss: 31.1937
Evaluation num episodes:  100
# Evaluation of policy
- Return stats:
 Mean: -94.045041 std: 18.997802
- Scores stats:
 Mean: -671.080000 std: 136.779580
- Frames stats:
 Mean: 672.120000 std: 136.583621

 2017-09-01 19:25:23
Episodes 434001 -> 436001 Done (70.133s) ... 
- Training loss: 4.2156
Evaluation num episodes:  100
# Evaluation of policy
- Return stats:
 Mean: -93.085415 std: 21.086067
- Scores stats:
 Mean: -664.110000 std: 152.082010
- Frames stats:
 Mean: 665.160000 std: 151.864066

 2017-09-01 19:26:33
Episodes 436001 -> 438001 Done (69.469s) ... 
- Training loss: 30.7000
Evaluation num episodes:  100
# Evaluation of policy
- Return stats:
 Mean: -96.972731 std: 9.453560
- Scores stats:
 Mean: -692.040000 std: 69.251126
- Frames stats:
 Mean: 693.050000 std: 69.151627

 2017-09-01 19:27:44
Episodes 438001 -> 440001 Done (71.443s) ... 
- Training loss: 11.5425
Evaluation num episodes:  100
# Evaluation of policy
- Return stats:
 Mean: -96.943621 std: 9.743200
- Scores stats:
 Mean: -692.010000 std: 69.549622
- Frames stats:
 Mean: 693.010000 std: 69.549622

 2017-09-01 19:28:56
Episodes 440001 -> 442001 Done (71.436s) ... 
- Training loss: 15.4690
Evaluation num episodes:  100
# Evaluation of policy
- Return stats:
 Mean: -94.054647 std: 18.951420
- Scores stats:
 Mean: -671.090000 std: 136.730691
- Frames stats:
 Mean: 672.120000 std: 136.583841

 2017-09-01 19:30:06
Episodes 442001 -> 444001 Done (70.100s) ... 
- Training loss: 5.5796
Evaluation num episodes:  100
# Evaluation of policy
- Return stats:
 Mean: -94.044846 std: 18.999744
- Scores stats:
 Mean: -671.080000 std: 136.779727
- Frames stats:
 Mean: 672.110000 std: 136.632858

 2017-09-01 19:31:16
Episodes 444001 -> 446001 Done (69.993s) ... 
- Training loss: 3.6389
Evaluation num episodes:  100
# Evaluation of policy
- Return stats:
 Mean: -56.429645 std: 46.815123
- Scores stats:
 Mean: -393.090000 std: 345.113694
- Frames stats:
 Mean: 394.530000 std: 344.617308

 2017-09-01 19:32:07
Episodes 446001 -> 448001 Done (51.623s) ... 
- Training loss: 37.5924
Evaluation num episodes:  100
# Evaluation of policy
- Return stats:
 Mean: -90.147827 std: 26.366655
- Scores stats:
 Mean: -643.140000 std: 189.430516
- Frames stats:
 Mean: 644.220000 std: 189.159223

 2017-09-01 19:33:15
Episodes 448001 -> 450001 Done (68.173s) ... 
- Training loss: 11.1874
Evaluation num episodes:  100
# Evaluation of policy
- Return stats:
 Mean: -89.188201 std: 27.774566
- Scores stats:
 Mean: -636.170000 std: 199.786689
- Frames stats:
 Mean: 637.250000 std: 199.532372

 2017-09-01 19:34:23
Episodes 450001 -> 452001 Done (67.719s) ... 
- Training loss: 1.6682
Evaluation num episodes:  100
# Evaluation of policy
- Return stats:
 Mean: -95.983994 std: 13.571985
- Scores stats:
 Mean: -685.040000 std: 97.720000
- Frames stats:
 Mean: 686.060000 std: 97.580000

 2017-09-01 19:35:34
Episodes 452001 -> 454001 Done (71.033s) ... 
- Training loss: 8.2305
Evaluation num episodes:  100
# Evaluation of policy
- Return stats:
 Mean: -94.064350 std: 18.903953
- Scores stats:
 Mean: -671.100000 std: 136.681711
- Frames stats:
 Mean: 672.130000 std: 136.534879

 2017-09-01 19:36:44
Episodes 454001 -> 456001 Done (70.062s) ... 
- Training loss: 28.6382
Evaluation num episodes:  100
# Evaluation of policy
- Return stats:
 Mean: -43.060543 std: 46.692671
- Scores stats:
 Mean: -295.580000 std: 343.296495
- Frames stats:
 Mean: 297.160000 std: 342.802938

 2017-09-01 19:37:30
Episodes 456001 -> 458001 Done (45.238s) ... 
- Training loss: 38.5942
Evaluation num episodes:  100
# Evaluation of policy
- Return stats:
 Mean: -93.104433 std: 21.005028
- Scores stats:
 Mean: -664.130000 std: 151.995109
- Frames stats:
 Mean: 665.180000 std: 151.777164

 2017-09-01 19:38:39
Episodes 458001 -> 460001 Done (69.633s) ... 
- Training loss: 1.7576
Evaluation num episodes:  100
# Evaluation of policy
- Return stats:
 Mean: -93.065911 std: 21.171085
- Scores stats:
 Mean: -664.090000 std: 152.169188
- Frames stats:
 Mean: 665.130000 std: 151.994911

 2017-09-01 19:39:49
Episodes 460001 -> 462001 Done (69.608s) ... 
- Training loss: 5.2844
Evaluation num episodes:  100
# Evaluation of policy
- Return stats:
 Mean: -93.094923 std: 21.045606
- Scores stats:
 Mean: -664.120000 std: 152.038566
- Frames stats:
 Mean: 665.160000 std: 151.864329

 2017-09-01 19:40:58
Episodes 462001 -> 464001 Done (69.609s) ... 
- Training loss: 31.5883
