nohup: ignoring input
2017-09-01 18:46:01.209278: W tensorflow/core/platform/cpu_feature_guard.cc:45] The TensorFlow library wasn't compiled to use SSE4.1 instructions, but these are available on your machine and could speed up CPU computations.
2017-09-01 18:46:01.209300: W tensorflow/core/platform/cpu_feature_guard.cc:45] The TensorFlow library wasn't compiled to use SSE4.2 instructions, but these are available on your machine and could speed up CPU computations.
2017-09-01 18:46:01.209304: W tensorflow/core/platform/cpu_feature_guard.cc:45] The TensorFlow library wasn't compiled to use AVX instructions, but these are available on your machine and could speed up CPU computations.
2017-09-01 18:46:01.209307: W tensorflow/core/platform/cpu_feature_guard.cc:45] The TensorFlow library wasn't compiled to use AVX2 instructions, but these are available on your machine and could speed up CPU computations.
2017-09-01 18:46:01.209309: W tensorflow/core/platform/cpu_feature_guard.cc:45] The TensorFlow library wasn't compiled to use FMA instructions, but these are available on your machine and could speed up CPU computations.
2017-09-01 18:46:01.306808: I tensorflow/stream_executor/cuda/cuda_gpu_executor.cc:893] successful NUMA node read from SysFS had negative value (-1), but there must be at least one NUMA node, so returning NUMA node zero
2017-09-01 18:46:01.307111: I tensorflow/core/common_runtime/gpu/gpu_device.cc:955] Found device 0 with properties: 
name: GeForce GTX 1070
major: 6 minor: 1 memoryClockRate (GHz) 1.683
pciBusID 0000:01:00.0
Total memory: 7.92GiB
Free memory: 3.21GiB
2017-09-01 18:46:01.409005: W tensorflow/stream_executor/cuda/cuda_driver.cc:523] A non-primary context 0x458b750 exists before initializing the StreamExecutor. We haven't verified StreamExecutor works with that.
2017-09-01 18:46:01.409205: I tensorflow/stream_executor/cuda/cuda_gpu_executor.cc:893] successful NUMA node read from SysFS had negative value (-1), but there must be at least one NUMA node, so returning NUMA node zero
2017-09-01 18:46:01.409492: I tensorflow/core/common_runtime/gpu/gpu_device.cc:955] Found device 1 with properties: 
name: GeForce GTX 1070
major: 6 minor: 1 memoryClockRate (GHz) 1.683
pciBusID 0000:02:00.0
Total memory: 7.92GiB
Free memory: 3.86GiB
2017-09-01 18:46:01.409591: I tensorflow/core/common_runtime/gpu/gpu_device.cc:976] DMA: 0 1 
2017-09-01 18:46:01.409598: I tensorflow/core/common_runtime/gpu/gpu_device.cc:986] 0:   Y Y 
2017-09-01 18:46:01.409601: I tensorflow/core/common_runtime/gpu/gpu_device.cc:986] 1:   Y Y 
2017-09-01 18:46:01.409606: I tensorflow/core/common_runtime/gpu/gpu_device.cc:1045] Creating TensorFlow device (/gpu:0) -> (device: 0, name: GeForce GTX 1070, pci bus id: 0000:01:00.0)
2017-09-01 18:46:01.409609: I tensorflow/core/common_runtime/gpu/gpu_device.cc:1045] Creating TensorFlow device (/gpu:1) -> (device: 1, name: GeForce GTX 1070, pci bus id: 0000:02:00.0)
2017-09-01 18:46:01.410445: E tensorflow/stream_executor/cuda/cuda_driver.cc:924] failed to allocate 3.88G (4168991232 bytes) from device: CUDA_ERROR_OUT_OF_MEMORY
2017-09-01 18:46:01.411225: E tensorflow/stream_executor/cuda/cuda_driver.cc:924] failed to allocate 3.49G (3752091904 bytes) from device: CUDA_ERROR_OUT_OF_MEMORY
2017-09-01 18:46:01.425236: E tensorflow/stream_executor/cuda/cuda_driver.cc:924] failed to allocate 3.88G (4168991232 bytes) from device: CUDA_ERROR_OUT_OF_MEMORY
Running 1 DoF Discrete Actions Unupervised run 1/1 ...

 2017-09-01 18:46:01
Episodes 1 -> 1 Done (0.000s) ... 
- Training loss: 0.0000
Evaluation num episodes:  100
# Evaluation of policy
- Return stats:
 Mean: -20.296290 std: 13.415827
- Scores stats:
 Mean: -24.630000 std: 17.695567
- Frames stats:
 Mean: 26.610000 std: 17.723936

 2017-09-01 18:46:27
Episodes 1 -> 2001 Done (25.852s) ... 
- Training loss: 0.0315
Evaluation num episodes:  100
# Evaluation of policy
- Return stats:
 Mean: -3.512007 std: 2.617831
- Scores stats:
 Mean: -3.670000 std: 2.810890
- Frames stats:
 Mean: 5.670000 std: 2.810890

 2017-09-01 18:46:51
Episodes 2001 -> 4001 Done (24.273s) ... 
- Training loss: 0.0192
Evaluation num episodes:  100
# Evaluation of policy
- Return stats:
 Mean: -2.144610 std: 1.256764
- Scores stats:
 Mean: -2.210000 std: 1.313735
- Frames stats:
 Mean: 4.170000 std: 1.393234

 2017-09-01 18:47:16
Episodes 4001 -> 6001 Done (24.326s) ... 
- Training loss: 0.0469
Evaluation num episodes:  100
# Evaluation of policy
- Return stats:
 Mean: -2.426223 std: 1.697219
- Scores stats:
 Mean: -2.510000 std: 1.786029
- Frames stats:
 Mean: 4.470000 std: 1.851783

 2017-09-01 18:47:40
Episodes 6001 -> 8001 Done (24.718s) ... 
- Training loss: 0.0309
Evaluation num episodes:  100
# Evaluation of policy
- Return stats:
 Mean: -1.914815 std: 1.123079
- Scores stats:
 Mean: -1.970000 std: 1.170085
- Frames stats:
 Mean: 3.930000 std: 1.251040

 2017-09-01 18:48:05
Episodes 8001 -> 10001 Done (24.311s) ... 
- Training loss: 0.5047
Evaluation num episodes:  100
# Evaluation of policy
- Return stats:
 Mean: -1.718657 std: 1.336673
- Scores stats:
 Mean: -1.770000 std: 1.398964
- Frames stats:
 Mean: 3.710000 std: 1.491945

 2017-09-01 18:48:29
Episodes 10001 -> 12001 Done (24.537s) ... 
- Training loss: 0.1036
Evaluation num episodes:  100
# Evaluation of policy
- Return stats:
 Mean: -1.742850 std: 0.939620
- Scores stats:
 Mean: -1.790000 std: 0.972574
- Frames stats:
 Mean: 3.760000 std: 1.040385

 2017-09-01 18:48:54
Episodes 12001 -> 14001 Done (24.620s) ... 
- Training loss: 0.1105
Evaluation num episodes:  100
# Evaluation of policy
- Return stats:
 Mean: -1.673594 std: 1.078409
- Scores stats:
 Mean: -1.720000 std: 1.123210
- Frames stats:
 Mean: 3.710000 std: 1.142760

 2017-09-01 18:49:18
Episodes 14001 -> 16001 Done (24.354s) ... 
- Training loss: 0.2377
Evaluation num episodes:  100
# Evaluation of policy
- Return stats:
 Mean: -1.989648 std: 1.308853
- Scores stats:
 Mean: -2.050000 std: 1.366565
- Frames stats:
 Mean: 4.020000 std: 1.421126

 2017-09-01 18:49:43
Episodes 16001 -> 18001 Done (24.713s) ... 
- Training loss: 0.4361
Evaluation num episodes:  100
# Evaluation of policy
- Return stats:
 Mean: -1.731134 std: 1.124717
- Scores stats:
 Mean: -1.780000 std: 1.171153
- Frames stats:
 Mean: 3.730000 std: 1.263764

 2017-09-01 18:50:07
Episodes 18001 -> 20001 Done (24.555s) ... 
- Training loss: 1.1146
Evaluation num episodes:  100
# Evaluation of policy
- Return stats:
 Mean: -1.958422 std: 1.463934
- Scores stats:
 Mean: -2.020000 std: 1.529575
- Frames stats:
 Mean: 4.000000 std: 1.562050

 2017-09-01 18:50:32
Episodes 20001 -> 22001 Done (24.384s) ... 
- Training loss: 0.2814
Evaluation num episodes:  100
# Evaluation of policy
- Return stats:
 Mean: -1.741228 std: 1.087980
- Scores stats:
 Mean: -1.790000 std: 1.133975
- Frames stats:
 Mean: 3.760000 std: 1.192644

 2017-09-01 18:50:56
Episodes 22001 -> 24001 Done (24.748s) ... 
- Training loss: 0.2971
Evaluation num episodes:  100
# Evaluation of policy
- Return stats:
 Mean: -1.797718 std: 1.213381
- Scores stats:
 Mean: -1.850000 std: 1.267872
- Frames stats:
 Mean: 3.830000 std: 1.304262

 2017-09-01 18:51:21
Episodes 24001 -> 26001 Done (24.538s) ... 
- Training loss: 0.3021
Evaluation num episodes:  100
# Evaluation of policy
- Return stats:
 Mean: -1.510856 std: 0.887792
- Scores stats:
 Mean: -1.550000 std: 0.920598
- Frames stats:
 Mean: 3.520000 std: 0.984683

 2017-09-01 18:51:45
Episodes 26001 -> 28001 Done (24.391s) ... 
- Training loss: 0.2138
Evaluation num episodes:  100
# Evaluation of policy
- Return stats:
 Mean: -1.692414 std: 1.126173
- Scores stats:
 Mean: -1.740000 std: 1.171495
- Frames stats:
 Mean: 3.690000 std: 1.262498

 2017-09-01 18:52:10
Episodes 28001 -> 30001 Done (24.854s) ... 
- Training loss: 1.2549
Evaluation num episodes:  100
# Evaluation of policy
- Return stats:
 Mean: -1.492314 std: 0.792550
- Scores stats:
 Mean: -1.530000 std: 0.817985
- Frames stats:
 Mean: 3.460000 std: 0.973858

 2017-09-01 18:52:35
Episodes 30001 -> 32001 Done (24.499s) ... 
- Training loss: 0.6897
Evaluation num episodes:  100
# Evaluation of policy
- Return stats:
 Mean: -1.568490 std: 0.944440
- Scores stats:
 Mean: -1.610000 std: 0.978724
- Frames stats:
 Mean: 3.560000 std: 1.080000

 2017-09-01 18:52:59
Episodes 32001 -> 34001 Done (24.433s) ... 
- Training loss: 1.0233
Evaluation num episodes:  100
# Evaluation of policy
- Return stats:
 Mean: -1.625268 std: 1.070704
- Scores stats:
 Mean: -1.670000 std: 1.114047
- Frames stats:
 Mean: 3.660000 std: 1.133314

 2017-09-01 18:53:24
Episodes 34001 -> 36001 Done (24.936s) ... 
- Training loss: 0.5921
Evaluation num episodes:  100
# Evaluation of policy
- Return stats:
 Mean: -1.616531 std: 0.983079
- Scores stats:
 Mean: -1.660000 std: 1.021959
- Frames stats:
 Mean: 3.610000 std: 1.121561

 2017-09-01 18:53:49
Episodes 36001 -> 38001 Done (24.442s) ... 
- Training loss: 1.2083
Evaluation num episodes:  100
# Evaluation of policy
- Return stats:
 Mean: -1.691741 std: 1.180900
- Scores stats:
 Mean: -1.740000 std: 1.229797
- Frames stats:
 Mean: 3.700000 std: 1.300000

 2017-09-01 18:54:13
Episodes 38001 -> 40001 Done (24.568s) ... 
- Training loss: 1.2004
Evaluation num episodes:  100
# Evaluation of policy
- Return stats:
 Mean: -1.490963 std: 0.939937
- Scores stats:
 Mean: -1.530000 std: 0.974218
- Frames stats:
 Mean: 3.500000 std: 1.034408

 2017-09-01 18:54:38
Episodes 40001 -> 42001 Done (24.861s) ... 
- Training loss: 0.7188
Evaluation num episodes:  100
# Evaluation of policy
- Return stats:
 Mean: -1.606626 std: 1.005417
- Scores stats:
 Mean: -1.650000 std: 1.042833
- Frames stats:
 Mean: 3.630000 std: 1.083097

 2017-09-01 18:55:02
Episodes 42001 -> 44001 Done (24.445s) ... 
- Training loss: 0.8166
Evaluation num episodes:  100
# Evaluation of policy
- Return stats:
 Mean: -1.587817 std: 0.946709
- Scores stats:
 Mean: -1.630000 std: 0.986458
- Frames stats:
 Mean: 3.620000 std: 1.007770

 2017-09-01 18:55:27
Episodes 44001 -> 46001 Done (24.656s) ... 
- Training loss: 0.6401
Evaluation num episodes:  100
# Evaluation of policy
- Return stats:
 Mean: -1.616526 std: 0.984482
- Scores stats:
 Mean: -1.660000 std: 1.021959
- Frames stats:
 Mean: 3.630000 std: 1.083097

 2017-09-01 18:55:52
Episodes 46001 -> 48001 Done (24.775s) ... 
- Training loss: 0.5878
Evaluation num episodes:  100
# Evaluation of policy
- Return stats:
 Mean: -1.624803 std: 1.108189
- Scores stats:
 Mean: -1.670000 std: 1.158059
- Frames stats:
 Mean: 3.620000 std: 1.247237

 2017-09-01 18:56:16
Episodes 48001 -> 50001 Done (24.462s) ... 
- Training loss: 4.1642
Evaluation num episodes:  100
# Evaluation of policy
- Return stats:
 Mean: -1.605204 std: 1.127134
- Scores stats:
 Mean: -1.650000 std: 1.177922
- Frames stats:
 Mean: 3.580000 std: 1.297536

 2017-09-01 18:56:41
Episodes 50001 -> 52001 Done (24.704s) ... 
- Training loss: 1.3769
Evaluation num episodes:  100
# Evaluation of policy
- Return stats:
 Mean: -1.549195 std: 0.932358
- Scores stats:
 Mean: -1.590000 std: 0.970515
- Frames stats:
 Mean: 3.580000 std: 0.991766

 2017-09-01 18:57:06
Episodes 52001 -> 54001 Done (24.707s) ... 
- Training loss: 2.0632
Evaluation num episodes:  100
# Evaluation of policy
- Return stats:
 Mean: -1.413632 std: 0.908129
- Scores stats:
 Mean: -1.450000 std: 0.942072
- Frames stats:
 Mean: 3.420000 std: 1.001798

 2017-09-01 18:57:31
Episodes 54001 -> 56001 Done (24.845s) ... 
- Training loss: 1.1641
Evaluation num episodes:  100
# Evaluation of policy
- Return stats:
 Mean: -1.443516 std: 0.824372
- Scores stats:
 Mean: -1.480000 std: 0.854166
- Frames stats:
 Mean: 3.430000 std: 0.961821

 2017-09-01 18:57:55
Episodes 56001 -> 58001 Done (24.685s) ... 
- Training loss: 2.2402
Evaluation num episodes:  100
# Evaluation of policy
- Return stats:
 Mean: -1.454576 std: 0.648653
- Scores stats:
 Mean: -1.490000 std: 0.670746
- Frames stats:
 Mean: 3.480000 std: 0.699714

 2017-09-01 18:58:20
Episodes 58001 -> 60001 Done (24.476s) ... 
- Training loss: 0.7839
Evaluation num episodes:  100
# Evaluation of policy
- Return stats:
 Mean: -1.511724 std: 0.790221
- Scores stats:
 Mean: -1.550000 std: 0.817007
- Frames stats:
 Mean: 3.510000 std: 0.910988

 2017-09-01 18:58:45
Episodes 60001 -> 62001 Done (24.873s) ... 
- Training loss: 6.5420
Evaluation num episodes:  100
# Evaluation of policy
- Return stats:
 Mean: -1.357152 std: 0.697685
- Scores stats:
 Mean: -1.390000 std: 0.719653
- Frames stats:
 Mean: 3.360000 std: 0.793977

 2017-09-01 18:59:09
Episodes 62001 -> 64001 Done (24.536s) ... 
- Training loss: 4.4478
Evaluation num episodes:  100
# Evaluation of policy
- Return stats:
 Mean: -1.355244 std: 0.915922
- Scores stats:
 Mean: -1.390000 std: 0.958071
- Frames stats:
 Mean: 3.340000 std: 1.050904

 2017-09-01 18:59:34
Episodes 64001 -> 66001 Done (24.488s) ... 
- Training loss: 1.4048
Evaluation num episodes:  100
# Evaluation of policy
- Return stats:
 Mean: -1.424398 std: 0.790181
- Scores stats:
 Mean: -1.460000 std: 0.817557
- Frames stats:
 Mean: 3.420000 std: 0.907524

 2017-09-01 18:59:59
Episodes 66001 -> 68001 Done (24.976s) ... 
- Training loss: 0.4346
Evaluation num episodes:  100
# Evaluation of policy
- Return stats:
 Mean: -1.366761 std: 0.711070
- Scores stats:
 Mean: -1.400000 std: 0.734847
- Frames stats:
 Mean: 3.380000 std: 0.784602

 2017-09-01 19:00:23
Episodes 68001 -> 70001 Done (24.500s) ... 
- Training loss: 0.9554
Evaluation num episodes:  100
# Evaluation of policy
- Return stats:
 Mean: -1.442457 std: 0.937360
- Scores stats:
 Mean: -1.480000 std: 0.974474
- Frames stats:
 Mean: 3.450000 std: 1.033199

 2017-09-01 19:00:48
Episodes 70001 -> 72001 Done (24.532s) ... 
- Training loss: 1.2562
Evaluation num episodes:  100
# Evaluation of policy
- Return stats:
 Mean: -1.424585 std: 0.768921
- Scores stats:
 Mean: -1.460000 std: 0.792717
- Frames stats:
 Mean: 3.420000 std: 0.885212

 2017-09-01 19:01:13
Episodes 72001 -> 74001 Done (24.987s) ... 
- Training loss: 5.9780
Evaluation num episodes:  100
# Evaluation of policy
- Return stats:
 Mean: -1.492223 std: 0.802065
- Scores stats:
 Mean: -1.530000 std: 0.830120
- Frames stats:
 Mean: 3.500000 std: 0.900000

 2017-09-01 19:01:37
Episodes 74001 -> 76001 Done (24.543s) ... 
- Training loss: 6.3961
Evaluation num episodes:  100
# Evaluation of policy
- Return stats:
 Mean: -1.405087 std: 0.777824
- Scores stats:
 Mean: -1.440000 std: 0.803990
- Frames stats:
 Mean: 3.400000 std: 0.894427

 2017-09-01 19:02:02
Episodes 76001 -> 78001 Done (24.671s) ... 
- Training loss: 2.8895
Evaluation num episodes:  100
# Evaluation of policy
- Return stats:
 Mean: -1.424202 std: 0.813996
- Scores stats:
 Mean: -1.460000 std: 0.841665
- Frames stats:
 Mean: 3.420000 std: 0.929301

 2017-09-01 19:02:27
Episodes 78001 -> 80001 Done (25.020s) ... 
- Training loss: 6.5095
Evaluation num episodes:  100
# Evaluation of policy
- Return stats:
 Mean: -1.308154 std: 0.751941
- Scores stats:
 Mean: -1.340000 std: 0.777432
- Frames stats:
 Mean: 3.290000 std: 0.886510

 2017-09-01 19:02:51
Episodes 80001 -> 82001 Done (24.570s) ... 
- Training loss: 8.3906
Evaluation num episodes:  100
# Evaluation of policy
- Return stats:
 Mean: -1.424109 std: 0.823953
- Scores stats:
 Mean: -1.460000 std: 0.853464
- Frames stats:
 Mean: 3.430000 std: 0.919293

 2017-09-01 19:03:16
Episodes 82001 -> 84001 Done (24.770s) ... 
- Training loss: 4.1997
Evaluation num episodes:  100
# Evaluation of policy
- Return stats:
 Mean: -1.386554 std: 0.659907
- Scores stats:
 Mean: -1.420000 std: 0.680882
- Frames stats:
 Mean: 3.400000 std: 0.734847

 2017-09-01 19:03:41
Episodes 84001 -> 86001 Done (24.933s) ... 
- Training loss: 0.3216
Evaluation num episodes:  100
# Evaluation of policy
- Return stats:
 Mean: -1.499902 std: 1.012267
- Scores stats:
 Mean: -1.540000 std: 1.052806
- Frames stats:
 Mean: 3.530000 std: 1.071961

 2017-09-01 19:04:06
Episodes 86001 -> 88001 Done (24.563s) ... 
- Training loss: 1.0467
Evaluation num episodes:  100
# Evaluation of policy
- Return stats:
 Mean: -1.461950 std: 0.930666
- Scores stats:
 Mean: -1.500000 std: 0.964365
- Frames stats:
 Mean: 3.450000 std: 1.061838

 2017-09-01 19:04:31
Episodes 88001 -> 90001 Done (24.917s) ... 
- Training loss: 4.3131
Evaluation num episodes:  100
# Evaluation of policy
- Return stats:
 Mean: -1.687444 std: 1.468813
- Scores stats:
 Mean: -1.740000 std: 1.559615
- Frames stats:
 Mean: 3.720000 std: 1.587955

 2017-09-01 19:04:56
Episodes 90001 -> 92001 Done (24.852s) ... 
- Training loss: 0.5056
Evaluation num episodes:  100
# Evaluation of policy
- Return stats:
 Mean: -1.577431 std: 1.015253
- Scores stats:
 Mean: -1.620000 std: 1.056220
- Frames stats:
 Mean: 3.590000 std: 1.114406

 2017-09-01 19:05:20
Episodes 92001 -> 94001 Done (24.603s) ... 
- Training loss: 2.0188
Evaluation num episodes:  100
# Evaluation of policy
- Return stats:
 Mean: -1.549179 std: 0.937107
- Scores stats:
 Mean: -1.590000 std: 0.970515
- Frames stats:
 Mean: 3.550000 std: 1.052378

 2017-09-01 19:05:45
Episodes 94001 -> 96001 Done (24.981s) ... 
- Training loss: 2.3694
Evaluation num episodes:  100
# Evaluation of policy
- Return stats:
 Mean: -1.520275 std: 0.915956
- Scores stats:
 Mean: -1.560000 std: 0.952050
- Frames stats:
 Mean: 3.520000 std: 1.034215

 2017-09-01 19:06:10
Episodes 96001 -> 98001 Done (24.752s) ... 
- Training loss: 2.0599
Evaluation num episodes:  100
# Evaluation of policy
- Return stats:
 Mean: -1.492124 std: 0.814238
- Scores stats:
 Mean: -1.530000 std: 0.842081
- Frames stats:
 Mean: 3.510000 std: 0.888763

 2017-09-01 19:06:34
Episodes 98001 -> 100001 Done (24.612s) ... 
- Training loss: 4.3429
Evaluation num episodes:  100
# Evaluation of policy
- Return stats:
 Mean: -1.549969 std: 0.849615
- Scores stats:
 Mean: -1.590000 std: 0.884251
- Frames stats:
 Mean: 3.590000 std: 0.884251

 2017-09-01 19:07:00
Episodes 100001 -> 102001 Done (25.119s) ... 
- Training loss: 5.3807
Evaluation num episodes:  100
# Evaluation of policy
- Return stats:
 Mean: -1.347351 std: 0.709694
- Scores stats:
 Mean: -1.380000 std: 0.731847
- Frames stats:
 Mean: 3.350000 std: 0.804674

 2017-09-01 19:07:24
Episodes 102001 -> 104001 Done (24.665s) ... 
- Training loss: 4.3741
Evaluation num episodes:  100
# Evaluation of policy
- Return stats:
 Mean: -1.617313 std: 0.902471
- Scores stats:
 Mean: -1.660000 std: 0.940425
- Frames stats:
 Mean: 3.660000 std: 0.940425

 2017-09-01 19:07:49
Episodes 104001 -> 106001 Done (25.141s) ... 
- Training loss: 2.5467
Evaluation num episodes:  100
# Evaluation of policy
- Return stats:
 Mean: -1.501640 std: 0.834016
- Scores stats:
 Mean: -1.540000 std: 0.865101
- Frames stats:
 Mean: 3.540000 std: 0.865101

 2017-09-01 19:08:14
Episodes 106001 -> 108001 Done (24.673s) ... 
- Training loss: 4.8603
Evaluation num episodes:  100
# Evaluation of policy
- Return stats:
 Mean: -1.568119 std: 0.977967
- Scores stats:
 Mean: -1.610000 std: 1.018774
- Frames stats:
 Mean: 3.590000 std: 1.059198

 2017-09-01 19:08:39
Episodes 108001 -> 110001 Done (24.649s) ... 
- Training loss: 2.2967
Evaluation num episodes:  100
# Evaluation of policy
- Return stats:
 Mean: -1.615671 std: 1.061125
- Scores stats:
 Mean: -1.660000 std: 1.106526
- Frames stats:
 Mean: 3.630000 std: 1.163228

 2017-09-01 19:09:04
Episodes 110001 -> 112001 Done (25.115s) ... 
- Training loss: 0.4442
Evaluation num episodes:  100
# Evaluation of policy
- Return stats:
 Mean: -1.538323 std: 1.047111
- Scores stats:
 Mean: -1.580000 std: 1.087934
- Frames stats:
 Mean: 3.560000 std: 1.125344

 2017-09-01 19:09:29
Episodes 112001 -> 114001 Done (24.781s) ... 
- Training loss: 1.0403
Evaluation num episodes:  100
# Evaluation of policy
- Return stats:
 Mean: -1.558223 std: 0.997453
- Scores stats:
 Mean: -1.600000 std: 1.039230
- Frames stats:
 Mean: 3.590000 std: 1.059198

 2017-09-01 19:09:54
Episodes 114001 -> 116001 Done (24.996s) ... 
- Training loss: 5.2944
Evaluation num episodes:  100
# Evaluation of policy
- Return stats:
 Mean: -1.434102 std: 0.790264
- Scores stats:
 Mean: -1.470000 std: 0.817985
- Frames stats:
 Mean: 3.450000 std: 0.864581

 2017-09-01 19:10:18
Episodes 116001 -> 118001 Done (24.621s) ... 
- Training loss: 2.4425
Evaluation num episodes:  100
# Evaluation of policy
- Return stats:
 Mean: -1.501827 std: 0.813868
- Scores stats:
 Mean: -1.540000 std: 0.841665
- Frames stats:
 Mean: 3.500000 std: 0.932738

 2017-09-01 19:10:43
Episodes 118001 -> 120001 Done (24.901s) ... 
- Training loss: 1.2860
Evaluation num episodes:  100
# Evaluation of policy
- Return stats:
 Mean: -1.452634 std: 0.890439
- Scores stats:
 Mean: -1.490000 std: 0.921900
- Frames stats:
 Mean: 3.440000 std: 1.022937

 2017-09-01 19:11:08
Episodes 120001 -> 122001 Done (24.902s) ... 
- Training loss: 0.3393
Evaluation num episodes:  100
# Evaluation of policy
- Return stats:
 Mean: -1.317561 std: 0.791669
- Scores stats:
 Mean: -1.350000 std: 0.817007
- Frames stats:
 Mean: 3.300000 std: 0.921954

 2017-09-01 19:11:33
Episodes 122001 -> 124001 Done (24.947s) ... 
- Training loss: 6.9861
Evaluation num episodes:  100
# Evaluation of policy
- Return stats:
 Mean: -1.558895 std: 0.932340
- Scores stats:
 Mean: -1.600000 std: 0.969536
- Frames stats:
 Mean: 3.580000 std: 1.011731

 2017-09-01 19:11:58
Episodes 124001 -> 126001 Done (24.855s) ... 
- Training loss: 1.0940
Evaluation num episodes:  100
# Evaluation of policy
- Return stats:
 Mean: -1.567929 std: 0.995652
- Scores stats:
 Mean: -1.610000 std: 1.038220
- Frames stats:
 Mean: 3.600000 std: 1.058301

 2017-09-01 19:12:23
Episodes 126001 -> 128001 Done (25.067s) ... 
- Training loss: 1.2320
Evaluation num episodes:  100
# Evaluation of policy
- Return stats:
 Mean: -1.626325 std: 0.973697
- Scores stats:
 Mean: -1.670000 std: 1.010495
- Frames stats:
 Mean: 3.640000 std: 1.072567

 2017-09-01 19:12:48
Episodes 128001 -> 130001 Done (24.721s) ... 
- Training loss: 0.8202
Evaluation num episodes:  100
# Evaluation of policy
- Return stats:
 Mean: -1.414983 std: 0.754693
- Scores stats:
 Mean: -1.450000 std: 0.779423
- Frames stats:
 Mean: 3.430000 std: 0.827708

 2017-09-01 19:13:12
Episodes 130001 -> 132001 Done (24.636s) ... 
- Training loss: 3.2898
Evaluation num episodes:  100
# Evaluation of policy
- Return stats:
 Mean: -1.491447 std: 0.889824
- Scores stats:
 Mean: -1.530000 std: 0.921466
- Frames stats:
 Mean: 3.510000 std: 0.964313

 2017-09-01 19:13:37
Episodes 132001 -> 134001 Done (25.127s) ... 
- Training loss: 8.0824
Evaluation num episodes:  100
# Evaluation of policy
- Return stats:
 Mean: -1.434683 std: 0.716803
- Scores stats:
 Mean: -1.470000 std: 0.741013
- Frames stats:
 Mean: 3.450000 std: 0.792149

 2017-09-01 19:14:02
Episodes 134001 -> 136001 Done (24.679s) ... 
- Training loss: 7.3299
Evaluation num episodes:  100
# Evaluation of policy
- Return stats:
 Mean: -1.453697 std: 0.768802
- Scores stats:
 Mean: -1.490000 std: 0.793662
- Frames stats:
 Mean: 3.460000 std: 0.865101

 2017-09-01 19:14:27
Episodes 136001 -> 138001 Done (24.742s) ... 
- Training loss: 5.0522
Evaluation num episodes:  100
# Evaluation of policy
- Return stats:
 Mean: -1.357062 std: 0.708085
- Scores stats:
 Mean: -1.390000 std: 0.733417
- Frames stats:
 Mean: 3.360000 std: 0.806474

 2017-09-01 19:14:52
Episodes 138001 -> 140001 Done (25.122s) ... 
- Training loss: 5.7391
